#
# A fatal error has been detected by the Java Runtime Environment:
#
#  EXCEPTION_ACCESS_VIOLATION (0xc0000005) at pc=0x0000000061693ec6, pid=18472, tid=0x0000000000002814
#
# JRE version: Java(TM) SE Runtime Environment (8.0_171-b11) (build 1.8.0_171-b11)
# Java VM: Java HotSpot(TM) 64-Bit Server VM (25.171-b11 mixed mode windows-amd64 compressed oops)
# Problematic frame:
# C  [libNewClassA.dll+0x13ec6]
#
# Failed to write core dump. Minidumps are not enabled by default on client versions of Windows
#
# If you would like to submit a bug report, please visit:
#   http://bugreport.java.com/bugreport/crash.jsp
# The crash happened outside the Java Virtual Machine in native code.
# See problematic frame for where to report the bug.
#

---------------  T H R E A D  ---------------

Current thread (0x0000000002dc3800):  JavaThread "main" [_thread_in_native, id=10260, stack(0x0000000002c60000,0x0000000002d60000)]

siginfo: ExceptionCode=0xc0000005, reading address 0x0000000000000000

Registers:
RAX=0x0000000000000000, RBX=0x0000000002d5de50, RCX=0x0000000002d5de50, RDX=0x0000000000000000
RSP=0x0000000002d5da60, RBP=0x0000000002d5e1f0, RSI=0x0000000002d5dc30, RDI=0x0000000002d5de60
R8 =0x0000000002d5dc30, R9 =0x0000000002d5e1b8, R10=0x000000001f5d5540, R11=0x000000001f5d5300
R12=0x000000001f5d58e0, R13=0x0000000000000007, R14=0x000000001f5d58d0, R15=0x0000000002d5e1e0
RIP=0x0000000061693ec6, EFLAGS=0x0000000000010283

Top of Stack: (sp=0x0000000002d5da60)
0x0000000002d5da60:   0000000000000000 0000000002d5dc60
0x0000000002d5da70:   0000000000000118 0000000000000003
0x0000000002d5da80:   0000000002d5e1f0 00007ffc3c259960
0x0000000002d5da90:   0000000000000118 0000000002d5de50
0x0000000002d5daa0:   000000001f5d58a0 0000000002d5e1b8
0x0000000002d5dab0:   0000000002d5e1f0 0000000061693270
0x0000000002d5dac0:   0000000000000118 0000000000000003
0x0000000002d5dad0:   0000000002d5e1b8 0000000002d5e1f0
0x0000000002d5dae0:   0000000002d5de50 0000000061686bbd
0x0000000002d5daf0:   000000001c433bc0 00000000007e0000
0x0000000002d5db00:   0000000002d5e1b0 0000000002d5dc90
0x0000000002d5db10:   0000000002d5dcb0 0000000002d5dcd0
0x0000000002d5db20:   0000000002d5dcf0 0000000002d5dd10
0x0000000002d5db30:   0000000002d5dd30 0000000002d5dd50
0x0000000002d5db40:   0000000002d5dd70 0000000002d5dd90
0x0000000002d5db50:   0000000002d5ddb0 0000000002d5ddd0 

Instructions: (pc=0x0000000061693ec6)
0x0000000061693ea6:   ec 38 48 8d 79 10 48 89 d6 48 8b 12 48 89 cb 48
0x0000000061693eb6:   8b 46 08 48 29 d0 48 83 f8 20 0f 84 ca 00 00 00
0x0000000061693ec6:   48 8b 0a e8 02 1c 00 00 89 c5 48 8b 06 48 8b 48
0x0000000061693ed6:   20 e8 f4 1b 00 00 39 c5 48 8b 06 48 89 3b 7c 4a 


Register to memory mapping:

RAX=0x0000000000000000 is an unknown value
RBX=0x0000000002d5de50 is pointing into the stack for thread: 0x0000000002dc3800
RCX=0x0000000002d5de50 is pointing into the stack for thread: 0x0000000002dc3800
RDX=0x0000000000000000 is an unknown value
RSP=0x0000000002d5da60 is pointing into the stack for thread: 0x0000000002dc3800
RBP=0x0000000002d5e1f0 is pointing into the stack for thread: 0x0000000002dc3800
RSI=0x0000000002d5dc30 is pointing into the stack for thread: 0x0000000002dc3800
RDI=0x0000000002d5de60 is pointing into the stack for thread: 0x0000000002dc3800
R8 =0x0000000002d5dc30 is pointing into the stack for thread: 0x0000000002dc3800
R9 =0x0000000002d5e1b8 is pointing into the stack for thread: 0x0000000002dc3800
R10=0x000000001f5d5540 is an unknown value
R11=0x000000001f5d5300 is an unknown value
R12=0x000000001f5d58e0 is an unknown value
R13=0x0000000000000007 is an unknown value
R14=0x000000001f5d58d0 is an unknown value
R15=0x0000000002d5e1e0 is pointing into the stack for thread: 0x0000000002dc3800


Stack: [0x0000000002c60000,0x0000000002d60000],  sp=0x0000000002d5da60,  free space=1014k
Native frames: (J=compiled Java code, j=interpreted, Vv=VM code, C=native code)
C  [libNewClassA.dll+0x13ec6]
C  [libNewClassA.dll+0x13270]
C  [libNewClassA.dll+0x6bbd]
C  [libNewClassA.dll+0x85fc]
C  [libNewClassA.dll+0xa1bc]
C  [libNewClassA.dll+0xb768]
C  [libNewClassA.dll+0xf915]
C  0x0000000002ed8c67

Java frames: (J=compiled Java code, j=interpreted, Vv=VM code)
j  ec.app.batch.JavaCallCPlus.getsimpleobj(Ljava/lang/String;)D+0
j  ec.app.batch.DummyOperationWrapper.GetFitnessOfGPNode(Lec/gp/GPNode;)D+24
j  ec.app.batch.DummyOperationWrapper.isIndividualSame(Lec/gp/GPNode;)Ljava/lang/Boolean;+7
j  ec.Subpopulation.populate(Lec/EvolutionState;I)V+670
j  ec.Population.populate(Lec/EvolutionState;I)V+127
j  ec.simple.SimpleInitializer.initialPopulation(Lec/EvolutionState;I)Lec/Population;+10
j  ec.simple.SimpleEvolutionState.startFresh()V+39
j  ec.EvolutionState.run(I)V+5
j  ec.Evolve.main([Ljava/lang/String;)V+274
v  ~StubRoutines::call_stub

---------------  P R O C E S S  ---------------

Java Threads: ( => current thread )
  0x000000001e98c800 JavaThread "Service Thread" daemon [_thread_blocked, id=2372, stack(0x000000001f3c0000,0x000000001f4c0000)]
  0x000000001e8fd800 JavaThread "C1 CompilerThread3" daemon [_thread_blocked, id=17084, stack(0x000000001f2c0000,0x000000001f3c0000)]
  0x000000001e8ed800 JavaThread "C2 CompilerThread2" daemon [_thread_blocked, id=9916, stack(0x000000001f1c0000,0x000000001f2c0000)]
  0x000000001e8ed000 JavaThread "C2 CompilerThread1" daemon [_thread_blocked, id=3432, stack(0x000000001f0c0000,0x000000001f1c0000)]
  0x000000001e8eb000 JavaThread "C2 CompilerThread0" daemon [_thread_blocked, id=16204, stack(0x000000001efc0000,0x000000001f0c0000)]
  0x000000001e8e9000 JavaThread "Attach Listener" daemon [_thread_blocked, id=5580, stack(0x000000001eec0000,0x000000001efc0000)]
  0x000000001e8e8800 JavaThread "Signal Dispatcher" daemon [_thread_blocked, id=20492, stack(0x000000001edc0000,0x000000001eec0000)]
  0x000000001e880800 JavaThread "Finalizer" daemon [_thread_blocked, id=8772, stack(0x000000001ec60000,0x000000001ed60000)]
  0x000000001c98d000 JavaThread "Reference Handler" daemon [_thread_blocked, id=7200, stack(0x000000001e760000,0x000000001e860000)]
=>0x0000000002dc3800 JavaThread "main" [_thread_in_native, id=10260, stack(0x0000000002c60000,0x0000000002d60000)]

Other Threads:
  0x000000001c988000 VMThread [stack: 0x000000001e660000,0x000000001e760000] [id=12376]
  0x000000001e9a5800 WatcherThread [stack: 0x000000001f4c0000,0x000000001f5c0000] [id=6424]

VM state:not at safepoint (normal execution)

VM Mutex/Monitor currently owned by a thread: None

Heap:
 PSYoungGen      total 76288K, used 5242K [0x000000076b000000, 0x0000000770500000, 0x00000007c0000000)
  eden space 65536K, 8% used [0x000000076b000000,0x000000076b51ebf0,0x000000076f000000)
  from space 10752K, 0% used [0x000000076fa80000,0x000000076fa80000,0x0000000770500000)
  to   space 10752K, 0% used [0x000000076f000000,0x000000076f000000,0x000000076fa80000)
 ParOldGen       total 175104K, used 0K [0x00000006c1000000, 0x00000006cbb00000, 0x000000076b000000)
  object space 175104K, 0% used [0x00000006c1000000,0x00000006c1000000,0x00000006cbb00000)
 Metaspace       used 3640K, capacity 5228K, committed 5376K, reserved 1056768K
  class space    used 423K, capacity 488K, committed 512K, reserved 1048576K

Card table byte_map: [0x0000000012280000,0x0000000012a80000] byte_map_base: 0x000000000ec78000

Marking Bits: (ParMarkBitMap*) 0x00000000653308c0
 Begin Bits: [0x00000000137d0000, 0x0000000017790000)
 End Bits:   [0x0000000017790000, 0x000000001b750000)

Polling page: 0x0000000000c70000

CodeCache: size=245760Kb used=1466Kb max_used=1472Kb free=244293Kb
 bounds [0x0000000002ec0000, 0x0000000003130000, 0x0000000011ec0000]
 total_blobs=432 nmethods=161 adapters=184
 compilation: enabled

Compilation events (10 events):
Event: 0.199 Thread 0x000000001e8fd800 nmethod 157 0x000000000302b790 code [0x000000000302b900, 0x000000000302bbb0]
Event: 0.199 Thread 0x000000001e8fd800  158       1       java.lang.System::getSecurityManager (4 bytes)
Event: 0.199 Thread 0x000000001e8ed800 nmethod 156 0x000000000302b590 code [0x000000000302b6c0, 0x000000000302b738]
Event: 0.199 Thread 0x000000001e8fd800 nmethod 158 0x000000000302b310 code [0x000000000302b460, 0x000000000302b550]
Event: 0.200 Thread 0x000000001e8fd800  159  s    3       java.lang.StringBuffer::toString (36 bytes)
Event: 0.201 Thread 0x000000001e8fd800 nmethod 159 0x0000000003030550 code [0x00000000030306e0, 0x0000000003030b88]
Event: 0.216 Thread 0x000000001e8fd800  160       3       java.nio.ByteBuffer::arrayOffset (35 bytes)
Event: 0.216 Thread 0x000000001e8fd800 nmethod 160 0x000000000302ffd0 code [0x0000000003030160, 0x0000000003030438]
Event: 0.220 Thread 0x000000001e8fd800  161       3       java.nio.CharBuffer::arrayOffset (35 bytes)
Event: 0.220 Thread 0x000000001e8fd800 nmethod 161 0x000000000302fa50 code [0x000000000302fbe0, 0x000000000302feb8]

GC Heap History (0 events):
No events

Deoptimization events (0 events):
No events

Classes redefined (0 events):
No events

Internal exceptions (2 events):
Event: 0.027 Thread 0x0000000002dc3800 Exception <a 'java/lang/NoSuchMethodError': Method sun.misc.Unsafe.defineClass(Ljava/lang/String;[BII)Ljava/lang/Class; name or signature does not match> (0x000000076b007cb0) thrown at [C:\re\workspace\8-2-build-windows-amd64-cygwin\jdk8u171\10807\hotspot
Event: 0.027 Thread 0x0000000002dc3800 Exception <a 'java/lang/NoSuchMethodError': Method sun.misc.Unsafe.prefetchRead(Ljava/lang/Object;J)V name or signature does not match> (0x000000076b007f98) thrown at [C:\re\workspace\8-2-build-windows-amd64-cygwin\jdk8u171\10807\hotspot\src\share\vm\prim

Events (10 events):
Event: 0.197 loading class java/util/Random
Event: 0.197 loading class java/util/Random done
Event: 0.197 loading class ec/app/batch/JavaCallCPlus
Event: 0.197 loading class ec/app/batch/JavaCallCPlus done
Event: 0.198 loading class java/lang/ClassLoaderHelper
Event: 0.198 loading class java/lang/ClassLoaderHelper done
Event: 0.215 loading class jasima/core/statistics/SummaryStat
Event: 0.215 loading class jasima/core/statistics/SummaryStat done
Event: 0.216 loading class java/lang/IllegalStateException
Event: 0.216 loading class java/lang/IllegalStateException done


Dynamic libraries:
0x00007ff6c3a50000 - 0x00007ff6c3a87000 	C:\Program Files\Java\jre1.8.0_171\bin\javaw.exe
0x00007ffc3e390000 - 0x00007ffc3e571000 	C:\WINDOWS\SYSTEM32\ntdll.dll
0x00007ffc3bee0000 - 0x00007ffc3bf92000 	C:\WINDOWS\System32\KERNEL32.DLL
0x00007ffc3b1e0000 - 0x00007ffc3b453000 	C:\WINDOWS\System32\KERNELBASE.dll
0x00007ffc3e260000 - 0x00007ffc3e301000 	C:\WINDOWS\System32\ADVAPI32.dll
0x00007ffc3c240000 - 0x00007ffc3c2de000 	C:\WINDOWS\System32\msvcrt.dll
0x00007ffc3c4e0000 - 0x00007ffc3c53b000 	C:\WINDOWS\System32\sechost.dll
0x00007ffc3bdb0000 - 0x00007ffc3bed4000 	C:\WINDOWS\System32\RPCRT4.dll
0x00007ffc3bfd0000 - 0x00007ffc3c160000 	C:\WINDOWS\System32\USER32.dll
0x00007ffc3aab0000 - 0x00007ffc3aad0000 	C:\WINDOWS\System32\win32u.dll
0x00007ffc3bfa0000 - 0x00007ffc3bfc8000 	C:\WINDOWS\System32\GDI32.dll
0x00007ffc3a760000 - 0x00007ffc3a8f2000 	C:\WINDOWS\System32\gdi32full.dll
0x00007ffc3b720000 - 0x00007ffc3b7bf000 	C:\WINDOWS\System32\msvcp_win.dll
0x00007ffc3a9b0000 - 0x00007ffc3aaaa000 	C:\WINDOWS\System32\ucrtbase.dll
0x00007ffc26df0000 - 0x00007ffc27059000 	C:\WINDOWS\WinSxS\amd64_microsoft.windows.common-controls_6595b64144ccf1df_6.0.17134.112_none_fb3f961b30681c12\COMCTL32.dll
0x00007ffc3c7e0000 - 0x00007ffc3cb03000 	C:\WINDOWS\System32\combase.dll
0x00007ffc3b650000 - 0x00007ffc3b6ca000 	C:\WINDOWS\System32\bcryptPrimitives.dll
0x00007ffc3e330000 - 0x00007ffc3e35d000 	C:\WINDOWS\System32\IMM32.DLL
0x00000000654d0000 - 0x00000000655a2000 	C:\Program Files\Java\jre1.8.0_171\bin\msvcr100.dll
0x0000000064b10000 - 0x00000000653b0000 	C:\Program Files\Java\jre1.8.0_171\bin\server\jvm.dll
0x00007ffc3e0f0000 - 0x00007ffc3e0f8000 	C:\WINDOWS\System32\PSAPI.DLL
0x00007ffc38690000 - 0x00007ffc38699000 	C:\WINDOWS\SYSTEM32\WSOCK32.dll
0x00007ffc34c40000 - 0x00007ffc34c4a000 	C:\WINDOWS\SYSTEM32\VERSION.dll
0x00007ffc38630000 - 0x00007ffc38653000 	C:\WINDOWS\SYSTEM32\WINMM.dll
0x00007ffc3c5e0000 - 0x00007ffc3c64c000 	C:\WINDOWS\System32\WS2_32.dll
0x00007ffc38510000 - 0x00007ffc3853a000 	C:\WINDOWS\SYSTEM32\winmmbase.dll
0x00007ffc3b6d0000 - 0x00007ffc3b719000 	C:\WINDOWS\System32\cfgmgr32.dll
0x0000000065690000 - 0x000000006569f000 	C:\Program Files\Java\jre1.8.0_171\bin\verify.dll
0x0000000065660000 - 0x0000000065689000 	C:\Program Files\Java\jre1.8.0_171\bin\java.dll
0x0000000065640000 - 0x0000000065656000 	C:\Program Files\Java\jre1.8.0_171\bin\zip.dll
0x00007ffc3cb10000 - 0x00007ffc3df50000 	C:\WINDOWS\System32\SHELL32.dll
0x00007ffc3df50000 - 0x00007ffc3dff9000 	C:\WINDOWS\System32\shcore.dll
0x00007ffc3aad0000 - 0x00007ffc3b1dd000 	C:\WINDOWS\System32\windows.storage.dll
0x00007ffc3c2e0000 - 0x00007ffc3c331000 	C:\WINDOWS\System32\shlwapi.dll
0x00007ffc3a740000 - 0x00007ffc3a751000 	C:\WINDOWS\System32\kernel.appcore.dll
0x00007ffc3a6b0000 - 0x00007ffc3a6cf000 	C:\WINDOWS\System32\profapi.dll
0x00007ffc3a6d0000 - 0x00007ffc3a71c000 	C:\WINDOWS\System32\powrprof.dll
0x00007ffc3a6a0000 - 0x00007ffc3a6aa000 	C:\WINDOWS\System32\FLTLIB.DLL
0x0000000061680000 - 0x00000000616aa000 	C:\Users\nkwan\Desktop\Java\Java_ClassA\ec\app\batch\Resource\libNewClassA.dll
0x000000006fc40000 - 0x000000006fda4000 	C:\Program Files\mingw-w64\x86_64-7.2.0-posix-seh-rt_v5-rev1\mingw64\bin\libstdc++-6.dll
0x0000000061440000 - 0x000000006145a000 	C:\Program Files\mingw-w64\x86_64-7.2.0-posix-seh-rt_v5-rev1\mingw64\bin\libgcc_s_seh-1.dll
0x0000000064940000 - 0x0000000064955000 	C:\Program Files\mingw-w64\x86_64-7.2.0-posix-seh-rt_v5-rev1\mingw64\bin\libwinpthread-1.dll
0x00007ffc2d2e0000 - 0x00007ffc2d4a9000 	C:\WINDOWS\SYSTEM32\dbghelp.dll

VM Arguments:
jvm_args: -Dfile.encoding=GBK 
java_command: ec.Evolve -file ec/app/batch/MultipleEvaluation_Batch.params
java_class_path (initial): C:\Program Files\Java\jre1.8.0_171\lib\resources.jar;C:\Program Files\Java\jre1.8.0_171\lib\rt.jar;C:\Program Files\Java\jre1.8.0_171\lib\jsse.jar;C:\Program Files\Java\jre1.8.0_171\lib\jce.jar;C:\Program Files\Java\jre1.8.0_171\lib\charsets.jar;C:\Program Files\Java\jre1.8.0_171\lib\jfr.jar;C:\Program Files\Java\jre1.8.0_171\lib\ext\access-bridge-64.jar;C:\Program Files\Java\jre1.8.0_171\lib\ext\cldrdata.jar;C:\Program Files\Java\jre1.8.0_171\lib\ext\dnsns.jar;C:\Program Files\Java\jre1.8.0_171\lib\ext\jaccess.jar;C:\Program Files\Java\jre1.8.0_171\lib\ext\jfxrt.jar;C:\Program Files\Java\jre1.8.0_171\lib\ext\localedata.jar;C:\Program Files\Java\jre1.8.0_171\lib\ext\nashorn.jar;C:\Program Files\Java\jre1.8.0_171\lib\ext\sunec.jar;C:\Program Files\Java\jre1.8.0_171\lib\ext\sunjce_provider.jar;C:\Program Files\Java\jre1.8.0_171\lib\ext\sunmscapi.jar;C:\Program Files\Java\jre1.8.0_171\lib\ext\sunpkcs11.jar;C:\Program Files\Java\jre1.8.0_171\lib\ext\zipfs.jar;C:\Users\nkwan\Desktop\Java\Java_ClassA;C:\Users\nkwan\Desktop\GP\20180302 Later\Java_ClassA\libraries\EJML-core-0.27.jar;C:\Users\nkwan\Desktop\GP\20180302 Later\Java_ClassA\libraries\EJML-dense64-0.27.jar;C:\Users\nkwan\Desktop\GP\20180302 Later\Java_ClassA\libraries\EJML-simple-0.27.jar;C:\Users\nkwan\Desktop\GP\20180302 Later\Java_ClassA\libraries\fel.jar;C:\Users\nkwan\Desktop\GP\20180302 Later\Java_ClassA\libraries\itext-1.2.jar;C:\Users\nkwan\Desktop\GP\20180302 Later\Java_ClassA\libraries\jcommon-1.0.16.jar;C:\Users\nkwan\Desktop\GP\20180302 Later\Java_ClassA\libraries\jfreechart-1.0.13.jar;C:\Users\nkwan\Desktop\GP\20180302 Later\Java_ClassA\libraries\jzlib-1.0.7.jar;C:\Users\nkwan\Desktop\GP\20180302 Later\Java_ClassA\libraries\pshecj.jar;C:\Users\nkwan\Desktop\Java\jasima\target\classes;C:\Users\nkwan\Desktop\Java\jasima\target\test-classes;C:\Users\nkwan\.m2\repository\net\sourceforge\jexcelapi\jxl\2.6.12\jxl-2.6.12.jar;C:\Users\nkwan\.m2\repository\org\hamcrest\hamcrest-all
Launcher Type: SUN_STANDARD

Environment Variables:
JAVA_HOME=C:\Program Files\Java\jdk1.8.0_152
CLASSPATH=C:\Program Files\Java\jdk1.8.0_152\lib;
PATH=C:/Program Files/Java/jre1.8.0_171/bin/server;C:/Program Files/Java/jre1.8.0_171/bin;C:/Program Files/Java/jre1.8.0_171/lib/amd64;D:\ProgramData\Anaconda3;D:\ProgramData\Anaconda3\Library\mingw-w64\bin;D:\ProgramData\Anaconda3\Library\usr\bin;D:\ProgramData\Anaconda3\Library\bin;D:\ProgramData\Anaconda3\Scripts;C:\Program Files (x86)\Common Files\Oracle\Java\javapath;C:\ProgramData\Oracle\Java\javapath;C:\CTEX\UserData\miktex\bin;C:\CTEX\MiKTeX\miktex\bin;C:\CTEX\CTeX\ctex\bin;C:\CTEX\CTeX\cct\bin;C:\CTEX\CTeX\ty\bin;C:\CTEX\Ghostscript\gs9.05\bin;C:\CTEX\GSview\gsview;C:\CTEX\WinEdt;C:\WINDOWS\system32;C:\WINDOWS;C:\WINDOWS\System32\Wbem;C:\WINDOWS\System32\WindowsPowerShell\v1.0\;C:\Program Files (x86)\Visual Leak Detector\bin\Win32;C:\Program Files (x86)\Visual Leak Detector\bin\Win64;C:\WINDOWS\System32\OpenSSH\;C:\Users\nkwan\.dnx\bin;C:\Program Files\Microsoft DNX\Dnvm\;C:\Program Files\Microsoft SQL Server\130\Tools\Binn\;C:\Program Files (x86)\Windows Kits\10\Windows Performance Toolkit\;C:\Program Files\Git\cmd;C:\Users\nkwan\AppData\Local\Programs\Python\Python36-32\Scripts\;C:\Users\nkwan\AppData\Local\Programs\Python\Python36-32\;C:\Users\nkwan\AppData\Local\Microsoft\WindowsApps;C:\Program Files\Java\jdk1.8.0_152\bin;C:\Program Files\mingw-w64\x86_64-7.2.0-posix-seh-rt_v5-rev1\mingw64\bin;C:\Users\nkwan\Desktop\GP\20180302 Later\Java_ClassA\ec\app\batch\Resource;C:\Users\nkwan\Desktop\GP\20180302 Later - Class B\Java_ClassA\ec\app\batch\Resource;C:\Users\nkwan\Desktop\Java\Java_ClassA\ec\app\batch\Resource;C:\Users\nkwan\Desktop\GP\20180302 Later - Class B - G2\Java_ClassA\ec\app\batch\Resource;C:\Users\nkwan\Desktop\GP\EclipseSpace\Java_ClassA\ec\app\batch\Resource;;C:\Users\nkwan\AppData\Local\Microsoft\WindowsApps;C:\Program Files\Microsoft VS Code\bin;C:\WINDOWS\system32;
USERNAME=nkwan
OS=Windows_NT
PROCESSOR_IDENTIFIER=Intel64 Family 6 Model 94 Stepping 3, GenuineIntel



---------------  S Y S T E M  ---------------

OS: Windows 10.0 , 64 bit Build 17134 (10.0.17134.1)

CPU:total 8 (initial active 8) (4 cores per cpu, 2 threads per core) family 6 model 94 stepping 3, cmov, cx8, fxsr, mmx, sse, sse2, sse3, ssse3, sse4.1, sse4.2, popcnt, avx, avx2, aes, clmul, erms, rtm, 3dnowpref, lzcnt, ht, tsc, tscinvbit, bmi1, bmi2, adx

Memory: 4k page, physical 16705504k(7806304k free), swap 19195872k(6043580k free)

vm_info: Java HotSpot(TM) 64-Bit Server VM (25.171-b11) for windows-amd64 JRE (1.8.0_171-b11), built on Mar 28 2018 16:06:12 by "java_re" with MS VC++ 10.0 (VS2010)

time: Tue Jul 03 15:19:43 2018
elapsed time: 0 seconds (0d 0h 0m 0s)

