#
# A fatal error has been detected by the Java Runtime Environment:
#
#  EXCEPTION_ACCESS_VIOLATION (0xc0000005) at pc=0x0000000061693c66, pid=10904, tid=0x0000000000004048
#
# JRE version: Java(TM) SE Runtime Environment (8.0_171-b11) (build 1.8.0_171-b11)
# Java VM: Java HotSpot(TM) 64-Bit Server VM (25.171-b11 mixed mode windows-amd64 compressed oops)
# Problematic frame:
# C  [libNewClassA.dll+0x13c66]
#
# Failed to write core dump. Minidumps are not enabled by default on client versions of Windows
#
# If you would like to submit a bug report, please visit:
#   http://bugreport.java.com/bugreport/crash.jsp
# The crash happened outside the Java Virtual Machine in native code.
# See problematic frame for where to report the bug.
#

---------------  T H R E A D  ---------------

Current thread (0x0000000002863800):  JavaThread "main" [_thread_in_native, id=16456, stack(0x0000000002760000,0x0000000002860000)]

siginfo: ExceptionCode=0xc0000005, reading address 0x0000000000000000

Registers:
RAX=0x0000000000000000, RBX=0x000000000285e1a0, RCX=0x000000000285e1a0, RDX=0x0000000000000000
RSP=0x000000000285ddb0, RBP=0x000000000285e540, RSI=0x000000000285df80, RDI=0x000000000285e1b0
R8 =0x000000000285df80, R9 =0x000000000285e508, R10=0x000000001f0dab70, R11=0x000000001f0dadb0
R12=0x000000001f0daa90, R13=0x0000000000000007, R14=0x000000001f0daa80, R15=0x000000000285e530
RIP=0x0000000061693c66, EFLAGS=0x0000000000010283

Top of Stack: (sp=0x000000000285ddb0)
0x000000000285ddb0:   0000000000000000 000000000285dfb0
0x000000000285ddc0:   0000000000000118 0000000000000003
0x000000000285ddd0:   000000000285e540 00007ffc3c259960
0x000000000285dde0:   0000000000000118 000000000285e1a0
0x000000000285ddf0:   000000001f0daa50 000000000285e508
0x000000000285de00:   000000000285e540 0000000061693010
0x000000000285de10:   0000000000000118 0000000000000003
0x000000000285de20:   000000000285e508 000000000285e540
0x000000000285de30:   000000000285e1a0 0000000061686bbd
0x000000000285de40:   0000000000000003 0000000002ab34d0
0x000000000285de50:   000000000285e500 000000000285dfe0
0x000000000285de60:   000000000285e000 000000000285e020
0x000000000285de70:   000000000285e040 000000000285e060
0x000000000285de80:   000000000285e080 000000000285e0a0
0x000000000285de90:   000000000285e0c0 000000000285e0e0
0x000000000285dea0:   000000000285e100 000000000285e120 

Instructions: (pc=0x0000000061693c66)
0x0000000061693c46:   ec 38 48 8d 79 10 48 89 d6 48 8b 12 48 89 cb 48
0x0000000061693c56:   8b 46 08 48 29 d0 48 83 f8 20 0f 84 ca 00 00 00
0x0000000061693c66:   48 8b 0a e8 0a 1c 00 00 89 c5 48 8b 06 48 8b 48
0x0000000061693c76:   20 e8 fc 1b 00 00 39 c5 48 8b 06 48 89 3b 7c 4a 


Register to memory mapping:

RAX=0x0000000000000000 is an unknown value
RBX=0x000000000285e1a0 is pointing into the stack for thread: 0x0000000002863800
RCX=0x000000000285e1a0 is pointing into the stack for thread: 0x0000000002863800
RDX=0x0000000000000000 is an unknown value
RSP=0x000000000285ddb0 is pointing into the stack for thread: 0x0000000002863800
RBP=0x000000000285e540 is pointing into the stack for thread: 0x0000000002863800
RSI=0x000000000285df80 is pointing into the stack for thread: 0x0000000002863800
RDI=0x000000000285e1b0 is pointing into the stack for thread: 0x0000000002863800
R8 =0x000000000285df80 is pointing into the stack for thread: 0x0000000002863800
R9 =0x000000000285e508 is pointing into the stack for thread: 0x0000000002863800
R10=0x000000001f0dab70 is an unknown value
R11=0x000000001f0dadb0 is an unknown value
R12=0x000000001f0daa90 is an unknown value
R13=0x0000000000000007 is an unknown value
R14=0x000000001f0daa80 is an unknown value
R15=0x000000000285e530 is pointing into the stack for thread: 0x0000000002863800


Stack: [0x0000000002760000,0x0000000002860000],  sp=0x000000000285ddb0,  free space=1015k
Native frames: (J=compiled Java code, j=interpreted, Vv=VM code, C=native code)
C  [libNewClassA.dll+0x13c66]
C  [libNewClassA.dll+0x13010]
C  [libNewClassA.dll+0x6bbd]
C  [libNewClassA.dll+0x85fc]
C  [libNewClassA.dll+0xa1bc]
C  [libNewClassA.dll+0xb768]
C  [libNewClassA.dll+0x11f0b]
C  0x0000000002978c67

Java frames: (J=compiled Java code, j=interpreted, Vv=VM code)
j  ec.app.batch.JavaCallCPlus.getobj(Ljava/lang/String;J)D+0
j  jasima.core.experiment.PreWarmupTSOCBARun.doPreWarmup()V+138
j  jasima.core.experiment.PreWarmupTSOCBARun.runEvaluation()V+14
j  ec.app.batch.TSIDOCBAEvaluator.evalPopChunk(Lec/EvolutionState;[I[IILec/simple/SimpleProblemForm;)V+381
j  ec.simple.SimpleEvaluator.evaluatePopulation(Lec/EvolutionState;)V+127
j  ec.simple.SimpleEvolutionState.evolve()I+46
j  ec.EvolutionState.run(I)V+21
j  ec.Evolve.main([Ljava/lang/String;)V+274
v  ~StubRoutines::call_stub

---------------  P R O C E S S  ---------------

Java Threads: ( => current thread )
  0x000000001e419000 JavaThread "Service Thread" daemon [_thread_blocked, id=11080, stack(0x000000001ee50000,0x000000001ef50000)]
  0x000000001e391800 JavaThread "C1 CompilerThread3" daemon [_thread_blocked, id=20396, stack(0x000000001ed50000,0x000000001ee50000)]
  0x000000001e389800 JavaThread "C2 CompilerThread2" daemon [_thread_blocked, id=16308, stack(0x000000001ec50000,0x000000001ed50000)]
  0x000000001e383000 JavaThread "C2 CompilerThread1" daemon [_thread_blocked, id=22076, stack(0x000000001eb50000,0x000000001ec50000)]
  0x000000001e37c000 JavaThread "C2 CompilerThread0" daemon [_thread_blocked, id=18020, stack(0x000000001ea50000,0x000000001eb50000)]
  0x000000001e37a000 JavaThread "Attach Listener" daemon [_thread_blocked, id=14016, stack(0x000000001e950000,0x000000001ea50000)]
  0x000000001e379800 JavaThread "Signal Dispatcher" daemon [_thread_blocked, id=1680, stack(0x000000001e850000,0x000000001e950000)]
  0x000000001e310800 JavaThread "Finalizer" daemon [_thread_blocked, id=22432, stack(0x000000001e6f0000,0x000000001e7f0000)]
  0x0000000002958000 JavaThread "Reference Handler" daemon [_thread_blocked, id=17540, stack(0x000000001e1f0000,0x000000001e2f0000)]
=>0x0000000002863800 JavaThread "main" [_thread_in_native, id=16456, stack(0x0000000002760000,0x0000000002860000)]

Other Threads:
  0x000000001c429800 VMThread [stack: 0x000000001e0f0000,0x000000001e1f0000] [id=21412]
  0x000000001e42c800 WatcherThread [stack: 0x000000001ef50000,0x000000001f050000] [id=21740]

VM state:not at safepoint (normal execution)

VM Mutex/Monitor currently owned by a thread: None

Heap:
 PSYoungGen      total 76288K, used 22284K [0x000000076b000000, 0x0000000770500000, 0x00000007c0000000)
  eden space 65536K, 34% used [0x000000076b000000,0x000000076c5c31c8,0x000000076f000000)
  from space 10752K, 0% used [0x000000076fa80000,0x000000076fa80000,0x0000000770500000)
  to   space 10752K, 0% used [0x000000076f000000,0x000000076f000000,0x000000076fa80000)
 ParOldGen       total 175104K, used 0K [0x00000006c1000000, 0x00000006cbb00000, 0x000000076b000000)
  object space 175104K, 0% used [0x00000006c1000000,0x00000006c1000000,0x00000006cbb00000)
 Metaspace       used 3962K, capacity 5394K, committed 5760K, reserved 1056768K
  class space    used 448K, capacity 521K, committed 640K, reserved 1048576K

Card table byte_map: [0x0000000011d20000,0x0000000012520000] byte_map_base: 0x000000000e718000

Marking Bits: (ParMarkBitMap*) 0x00000000653308c0
 Begin Bits: [0x0000000013270000, 0x0000000017230000)
 End Bits:   [0x0000000017230000, 0x000000001b1f0000)

Polling page: 0x0000000000690000

CodeCache: size=245760Kb used=1960Kb max_used=1972Kb free=243799Kb
 bounds [0x0000000002960000, 0x0000000002bd0000, 0x0000000011960000]
 total_blobs=600 nmethods=325 adapters=188
 compilation: enabled

Compilation events (10 events):
Event: 7.996 Thread 0x000000001e391800  321       3       java.util.ArrayList::add (29 bytes)
Event: 7.996 Thread 0x000000001e391800 nmethod 321 0x0000000002b47f10 code [0x0000000002b480c0, 0x0000000002b48648]
Event: 7.997 Thread 0x000000001e391800  322       3       jasima.core.experiment.PreWarmupTSOCBARun::AddDispatchingRule (20 bytes)
Event: 7.997 Thread 0x000000001e391800 nmethod 322 0x0000000002b488d0 code [0x0000000002b48a80, 0x0000000002b490a8]
Event: 7.999 Thread 0x000000001e37c000  323       4       sun.misc.MetaIndex::mayContain (51 bytes)
Event: 7.999 Thread 0x000000001e389800  324       4       java.lang.String::replace (127 bytes)
Event: 7.999 Thread 0x000000001e383000  325       4       java.lang.String::indexOf (166 bytes)
Event: 8.002 Thread 0x000000001e37c000 nmethod 323 0x0000000002b4c310 code [0x0000000002b4c460, 0x0000000002b4c738]
Event: 8.003 Thread 0x000000001e383000 nmethod 325 0x0000000002b4a2d0 code [0x0000000002b4a420, 0x0000000002b4aa38]
Event: 8.007 Thread 0x000000001e389800 nmethod 324 0x0000000002b49ad0 code [0x0000000002b49c20, 0x0000000002b4a0f8]

GC Heap History (0 events):
No events

Deoptimization events (0 events):
No events

Classes redefined (0 events):
No events

Internal exceptions (2 events):
Event: 0.028 Thread 0x0000000002863800 Exception <a 'java/lang/NoSuchMethodError': Method sun.misc.Unsafe.defineClass(Ljava/lang/String;[BII)Ljava/lang/Class; name or signature does not match> (0x000000076b007cb0) thrown at [C:\re\workspace\8-2-build-windows-amd64-cygwin\jdk8u171\10807\hotspot
Event: 0.028 Thread 0x0000000002863800 Exception <a 'java/lang/NoSuchMethodError': Method sun.misc.Unsafe.prefetchRead(Ljava/lang/Object;J)V name or signature does not match> (0x000000076b007f98) thrown at [C:\re\workspace\8-2-build-windows-amd64-cygwin\jdk8u171\10807\hotspot\src\share\vm\prim

Events (10 events):
Event: 7.999 loading class jasima/core/experiment/MultipleReplicationExperiment
Event: 7.999 loading class jasima/core/experiment/MultipleReplicationExperiment done
Event: 7.999 loading class jasima/core/experiment/AbstractMultiExperiment
Event: 7.999 loading class jasima/core/experiment/AbstractMultiExperiment done
Event: 8.000 loading class jasima/core/experiment/Experiment$ExperimentEvent
Event: 8.000 loading class jasima/core/experiment/Experiment$ExperimentEvent done
Event: 8.001 loading class jasima/core/experiment/Experiment$ExpPrintEvent
Event: 8.001 loading class jasima/core/experiment/Experiment$ExpPrintEvent done
Event: 8.002 loading class jasima/core/experiment/AbstractMultiExperiment$BaseExperimentCompleted
Event: 8.002 loading class jasima/core/experiment/AbstractMultiExperiment$BaseExperimentCompleted done


Dynamic libraries:
0x00007ff6c3a50000 - 0x00007ff6c3a87000 	C:\Program Files\Java\jre1.8.0_171\bin\javaw.exe
0x00007ffc3e390000 - 0x00007ffc3e571000 	C:\WINDOWS\SYSTEM32\ntdll.dll
0x00007ffc3bee0000 - 0x00007ffc3bf92000 	C:\WINDOWS\System32\KERNEL32.DLL
0x00007ffc3b1e0000 - 0x00007ffc3b453000 	C:\WINDOWS\System32\KERNELBASE.dll
0x00007ffc3e260000 - 0x00007ffc3e301000 	C:\WINDOWS\System32\ADVAPI32.dll
0x00007ffc3c240000 - 0x00007ffc3c2de000 	C:\WINDOWS\System32\msvcrt.dll
0x00007ffc3c4e0000 - 0x00007ffc3c53b000 	C:\WINDOWS\System32\sechost.dll
0x00007ffc3bdb0000 - 0x00007ffc3bed4000 	C:\WINDOWS\System32\RPCRT4.dll
0x00007ffc3bfd0000 - 0x00007ffc3c160000 	C:\WINDOWS\System32\USER32.dll
0x00007ffc3aab0000 - 0x00007ffc3aad0000 	C:\WINDOWS\System32\win32u.dll
0x00007ffc3bfa0000 - 0x00007ffc3bfc8000 	C:\WINDOWS\System32\GDI32.dll
0x00007ffc3a760000 - 0x00007ffc3a8f2000 	C:\WINDOWS\System32\gdi32full.dll
0x00007ffc3b720000 - 0x00007ffc3b7bf000 	C:\WINDOWS\System32\msvcp_win.dll
0x00007ffc3a9b0000 - 0x00007ffc3aaaa000 	C:\WINDOWS\System32\ucrtbase.dll
0x00007ffc26df0000 - 0x00007ffc27059000 	C:\WINDOWS\WinSxS\amd64_microsoft.windows.common-controls_6595b64144ccf1df_6.0.17134.112_none_fb3f961b30681c12\COMCTL32.dll
0x00007ffc3c7e0000 - 0x00007ffc3cb03000 	C:\WINDOWS\System32\combase.dll
0x00007ffc3b650000 - 0x00007ffc3b6ca000 	C:\WINDOWS\System32\bcryptPrimitives.dll
0x00007ffc3e330000 - 0x00007ffc3e35d000 	C:\WINDOWS\System32\IMM32.DLL
0x00000000654d0000 - 0x00000000655a2000 	C:\Program Files\Java\jre1.8.0_171\bin\msvcr100.dll
0x0000000064b10000 - 0x00000000653b0000 	C:\Program Files\Java\jre1.8.0_171\bin\server\jvm.dll
0x00007ffc3e0f0000 - 0x00007ffc3e0f8000 	C:\WINDOWS\System32\PSAPI.DLL
0x00007ffc38690000 - 0x00007ffc38699000 	C:\WINDOWS\SYSTEM32\WSOCK32.dll
0x00007ffc34c40000 - 0x00007ffc34c4a000 	C:\WINDOWS\SYSTEM32\VERSION.dll
0x00007ffc3c5e0000 - 0x00007ffc3c64c000 	C:\WINDOWS\System32\WS2_32.dll
0x00007ffc38630000 - 0x00007ffc38653000 	C:\WINDOWS\SYSTEM32\WINMM.dll
0x00007ffc38510000 - 0x00007ffc3853a000 	C:\WINDOWS\SYSTEM32\winmmbase.dll
0x00007ffc3b6d0000 - 0x00007ffc3b719000 	C:\WINDOWS\System32\cfgmgr32.dll
0x0000000065690000 - 0x000000006569f000 	C:\Program Files\Java\jre1.8.0_171\bin\verify.dll
0x0000000065660000 - 0x0000000065689000 	C:\Program Files\Java\jre1.8.0_171\bin\java.dll
0x0000000065640000 - 0x0000000065656000 	C:\Program Files\Java\jre1.8.0_171\bin\zip.dll
0x00007ffc3cb10000 - 0x00007ffc3df50000 	C:\WINDOWS\System32\SHELL32.dll
0x00007ffc3df50000 - 0x00007ffc3dff9000 	C:\WINDOWS\System32\shcore.dll
0x00007ffc3aad0000 - 0x00007ffc3b1dd000 	C:\WINDOWS\System32\windows.storage.dll
0x00007ffc3c2e0000 - 0x00007ffc3c331000 	C:\WINDOWS\System32\shlwapi.dll
0x00007ffc3a740000 - 0x00007ffc3a751000 	C:\WINDOWS\System32\kernel.appcore.dll
0x00007ffc3a6b0000 - 0x00007ffc3a6cf000 	C:\WINDOWS\System32\profapi.dll
0x00007ffc3a6d0000 - 0x00007ffc3a71c000 	C:\WINDOWS\System32\powrprof.dll
0x00007ffc3a6a0000 - 0x00007ffc3a6aa000 	C:\WINDOWS\System32\FLTLIB.DLL
0x0000000061680000 - 0x00000000616aa000 	C:\Users\nkwan\Desktop\Java\Java_ClassA\ec\app\batch\Resource\libNewClassA.dll
0x0000000061440000 - 0x000000006145a000 	C:\Program Files\mingw-w64\x86_64-7.2.0-posix-seh-rt_v5-rev1\mingw64\bin\libgcc_s_seh-1.dll
0x000000006fc40000 - 0x000000006fda4000 	C:\Program Files\mingw-w64\x86_64-7.2.0-posix-seh-rt_v5-rev1\mingw64\bin\libstdc++-6.dll
0x0000000064940000 - 0x0000000064955000 	C:\Program Files\mingw-w64\x86_64-7.2.0-posix-seh-rt_v5-rev1\mingw64\bin\libwinpthread-1.dll
0x00007ffc2d2e0000 - 0x00007ffc2d4a9000 	C:\WINDOWS\SYSTEM32\dbghelp.dll

VM Arguments:
jvm_args: -Dfile.encoding=GBK 
java_command: ec.Evolve -file ec/app/batch/MultipleEvaluation_Batch.params
java_class_path (initial): C:\Program Files\Java\jre1.8.0_171\lib\resources.jar;C:\Program Files\Java\jre1.8.0_171\lib\rt.jar;C:\Program Files\Java\jre1.8.0_171\lib\jsse.jar;C:\Program Files\Java\jre1.8.0_171\lib\jce.jar;C:\Program Files\Java\jre1.8.0_171\lib\charsets.jar;C:\Program Files\Java\jre1.8.0_171\lib\jfr.jar;C:\Program Files\Java\jre1.8.0_171\lib\ext\access-bridge-64.jar;C:\Program Files\Java\jre1.8.0_171\lib\ext\cldrdata.jar;C:\Program Files\Java\jre1.8.0_171\lib\ext\dnsns.jar;C:\Program Files\Java\jre1.8.0_171\lib\ext\jaccess.jar;C:\Program Files\Java\jre1.8.0_171\lib\ext\jfxrt.jar;C:\Program Files\Java\jre1.8.0_171\lib\ext\localedata.jar;C:\Program Files\Java\jre1.8.0_171\lib\ext\nashorn.jar;C:\Program Files\Java\jre1.8.0_171\lib\ext\sunec.jar;C:\Program Files\Java\jre1.8.0_171\lib\ext\sunjce_provider.jar;C:\Program Files\Java\jre1.8.0_171\lib\ext\sunmscapi.jar;C:\Program Files\Java\jre1.8.0_171\lib\ext\sunpkcs11.jar;C:\Program Files\Java\jre1.8.0_171\lib\ext\zipfs.jar;C:\Users\nkwan\Desktop\Java\Java_ClassA;C:\Users\nkwan\Desktop\GP\20180302 Later\Java_ClassA\libraries\EJML-core-0.27.jar;C:\Users\nkwan\Desktop\GP\20180302 Later\Java_ClassA\libraries\EJML-dense64-0.27.jar;C:\Users\nkwan\Desktop\GP\20180302 Later\Java_ClassA\libraries\EJML-simple-0.27.jar;C:\Users\nkwan\Desktop\GP\20180302 Later\Java_ClassA\libraries\fel.jar;C:\Users\nkwan\Desktop\GP\20180302 Later\Java_ClassA\libraries\itext-1.2.jar;C:\Users\nkwan\Desktop\GP\20180302 Later\Java_ClassA\libraries\jcommon-1.0.16.jar;C:\Users\nkwan\Desktop\GP\20180302 Later\Java_ClassA\libraries\jfreechart-1.0.13.jar;C:\Users\nkwan\Desktop\GP\20180302 Later\Java_ClassA\libraries\jzlib-1.0.7.jar;C:\Users\nkwan\Desktop\GP\20180302 Later\Java_ClassA\libraries\pshecj.jar;C:\Users\nkwan\Desktop\Java\jasima\target\classes;C:\Users\nkwan\Desktop\Java\jasima\target\test-classes;C:\Users\nkwan\.m2\repository\net\sourceforge\jexcelapi\jxl\2.6.12\jxl-2.6.12.jar;C:\Users\nkwan\.m2\repository\org\hamcrest\hamcrest-all
Launcher Type: SUN_STANDARD

Environment Variables:
JAVA_HOME=C:\Program Files\Java\jdk1.8.0_152
CLASSPATH=C:\Program Files\Java\jdk1.8.0_152\lib;
PATH=C:/Program Files/Java/jre1.8.0_171/bin/server;C:/Program Files/Java/jre1.8.0_171/bin;C:/Program Files/Java/jre1.8.0_171/lib/amd64;D:\ProgramData\Anaconda3;D:\ProgramData\Anaconda3\Library\mingw-w64\bin;D:\ProgramData\Anaconda3\Library\usr\bin;D:\ProgramData\Anaconda3\Library\bin;D:\ProgramData\Anaconda3\Scripts;C:\Program Files (x86)\Common Files\Oracle\Java\javapath;C:\ProgramData\Oracle\Java\javapath;C:\CTEX\UserData\miktex\bin;C:\CTEX\MiKTeX\miktex\bin;C:\CTEX\CTeX\ctex\bin;C:\CTEX\CTeX\cct\bin;C:\CTEX\CTeX\ty\bin;C:\CTEX\Ghostscript\gs9.05\bin;C:\CTEX\GSview\gsview;C:\CTEX\WinEdt;C:\WINDOWS\system32;C:\WINDOWS;C:\WINDOWS\System32\Wbem;C:\WINDOWS\System32\WindowsPowerShell\v1.0\;C:\Program Files (x86)\Visual Leak Detector\bin\Win32;C:\Program Files (x86)\Visual Leak Detector\bin\Win64;C:\WINDOWS\System32\OpenSSH\;C:\Users\nkwan\.dnx\bin;C:\Program Files\Microsoft DNX\Dnvm\;C:\Program Files\Microsoft SQL Server\130\Tools\Binn\;C:\Program Files (x86)\Windows Kits\10\Windows Performance Toolkit\;C:\Program Files\Git\cmd;C:\Users\nkwan\AppData\Local\Programs\Python\Python36-32\Scripts\;C:\Users\nkwan\AppData\Local\Programs\Python\Python36-32\;C:\Users\nkwan\AppData\Local\Microsoft\WindowsApps;C:\Program Files\Java\jdk1.8.0_152\bin;C:\Program Files\mingw-w64\x86_64-7.2.0-posix-seh-rt_v5-rev1\mingw64\bin;C:\Users\nkwan\Desktop\GP\20180302 Later\Java_ClassA\ec\app\batch\Resource;C:\Users\nkwan\Desktop\GP\20180302 Later - Class B\Java_ClassA\ec\app\batch\Resource;C:\Users\nkwan\Desktop\Java\Java_ClassA\ec\app\batch\Resource;C:\Users\nkwan\Desktop\GP\20180302 Later - Class B - G2\Java_ClassA\ec\app\batch\Resource;C:\Users\nkwan\Desktop\GP\EclipseSpace\Java_ClassA\ec\app\batch\Resource;;C:\Users\nkwan\AppData\Local\Microsoft\WindowsApps;C:\Program Files\Microsoft VS Code\bin;C:\WINDOWS\system32;
USERNAME=nkwan
OS=Windows_NT
PROCESSOR_IDENTIFIER=Intel64 Family 6 Model 94 Stepping 3, GenuineIntel



---------------  S Y S T E M  ---------------

OS: Windows 10.0 , 64 bit Build 17134 (10.0.17134.1)

CPU:total 8 (initial active 8) (4 cores per cpu, 2 threads per core) family 6 model 94 stepping 3, cmov, cx8, fxsr, mmx, sse, sse2, sse3, ssse3, sse4.1, sse4.2, popcnt, avx, avx2, aes, clmul, erms, rtm, 3dnowpref, lzcnt, ht, tsc, tscinvbit, bmi1, bmi2, adx

Memory: 4k page, physical 16705504k(8499264k free), swap 19195872k(6494432k free)

vm_info: Java HotSpot(TM) 64-Bit Server VM (25.171-b11) for windows-amd64 JRE (1.8.0_171-b11), built on Mar 28 2018 16:06:12 by "java_re" with MS VC++ 10.0 (VS2010)

time: Tue Jul 03 16:39:28 2018
elapsed time: 8 seconds (0d 0h 0m 8s)

