#
# A fatal error has been detected by the Java Runtime Environment:
#
#  Internal Error (0x20474343), pid=3360, tid=0x00000000000006e8
#
# JRE version: Java(TM) SE Runtime Environment (8.0_161-b12) (build 1.8.0_161-b12)
# Java VM: Java HotSpot(TM) 64-Bit Server VM (25.161-b12 mixed mode windows-amd64 compressed oops)
# Problematic frame:
# C  [KERNELBASE.dll+0x14008]
#
# Failed to write core dump. Minidumps are not enabled by default on client versions of Windows
#
# If you would like to submit a bug report, please visit:
#   http://bugreport.java.com/bugreport/crash.jsp
# The crash happened outside the Java Virtual Machine in native code.
# See problematic frame for where to report the bug.
#

---------------  T H R E A D  ---------------

Current thread (0x000000000519e800):  JavaThread "main" [_thread_in_native, id=1768, stack(0x0000000004ac0000,0x0000000004bc0000)]

siginfo: ExceptionCode=0x20474343, ExceptionInformation=0x00000003cb4add20 

Registers:
RAX=0x00007fff17201738, RBX=0x00000003cb4add20, RCX=0x0000000003310000, RDX=0x0000000000000000
RSP=0x0000000004bbc8b0, RBP=0x0000000004bbcaa0, RSI=0x000000006fcf81b0, RDI=0x00000003cb4add60
R8 =0x0000000000042010, R9 =0x0000000000800003, R10=0x0000000003312900, R11=0x00000000c000012d
R12=0x0000000061698095, R13=0x0000000004bbcac0, R14=0x0000000061698097, R15=0x000000038fb3d650
RIP=0x00007fff141a4008, EFLAGS=0x0000000000000206

Top of Stack: (sp=0x0000000004bbc8b0)
0x0000000004bbc8b0:   0000000021912628 00000003cb4add20
0x0000000004bbc8c0:   000000006fcf81b0 00000003cb4add60
0x0000000004bbc8d0:   0000000020474343 0000000000000000
0x0000000004bbc8e0:   00007fff141a4008 0000000000000001
0x0000000004bbc8f0:   00000003cb4add20 0000000064945198
0x0000000004bbc900:   0000000000000000 0000000000000000
0x0000000004bbc910:   000000038fb3d650 0000000061698097
0x0000000004bbc920:   0000000004bbcac0 0000000061698095
0x0000000004bbc930:   0000000000000018 00007fff147098f0
0x0000000004bbc940:   0000000000000018 0000000000000018
0x0000000004bbc950:   0000000000000010 0000000000000008
0x0000000004bbc960:   000000006fd0c520 000000006144da0d
0x0000000004bbc970:   00008f1fdbac0c08 0000000000000008
0x0000000004bbc980:   0000000000000000 000000006144d0b6
0x0000000004bbc990:   00000003cb4add60 000000006fcf81b0
0x0000000004bbc9a0:   000000006fd1a770 0000000004bbcaa0 

Instructions: (pc=0x00007fff141a4008)
0x00007fff141a3fe8:   49 8b d1 44 0f 47 c0 44 89 44 24 38 49 c1 e0 03
0x00007fff141a3ff8:   e8 ca 16 07 00 48 8d 4c 24 20 ff 15 e8 4a 16 00
0x00007fff141a4008:   48 8b 8c 24 c0 00 00 00 48 33 cc e8 a8 e6 06 00
0x00007fff141a4018:   48 81 c4 d8 00 00 00 c3 83 64 24 38 00 eb d6 cc 


Register to memory mapping:

RAX=0x00007fff17201738 is an unknown value
RBX=0x00000003cb4add20 is an unknown value
RCX=0x0000000003310000 is an unknown value
RDX=0x0000000000000000 is an unknown value
RSP=0x0000000004bbc8b0 is pointing into the stack for thread: 0x000000000519e800
RBP=0x0000000004bbcaa0 is pointing into the stack for thread: 0x000000000519e800
RSI=0x000000006fcf81b0 is an unknown value
RDI=0x00000003cb4add60 is an unknown value
R8 =0x0000000000042010 is an unknown value
R9 =0x0000000000800003 is an unknown value
R10=0x0000000003312900 is an unknown value
R11=0x00000000c000012d is an unknown value
R12=0x0000000061698095 is an unknown value
R13=0x0000000004bbcac0 is pointing into the stack for thread: 0x000000000519e800
R14=0x0000000061698097 is an unknown value
R15=0x000000038fb3d650 is an unknown value


Stack: [0x0000000004ac0000,0x0000000004bc0000],  sp=0x0000000004bbc8b0,  free space=1010k
Native frames: (J=compiled Java code, j=interpreted, Vv=VM code, C=native code)
C  [KERNELBASE.dll+0x14008]

Java frames: (J=compiled Java code, j=interpreted, Vv=VM code)
J 251  ec.app.batch.JavaCallCPlus.getsimpleobj(Ljava/lang/String;)D (0 bytes) @ 0x000000000534a08f [0x000000000534a040+0x4f]
J 878 C2 ec.app.batch.NewDuplicateRemovalCrossoverPipeline.produce(IIII[Lec/Individual;Lec/EvolutionState;I)I (1741 bytes) @ 0x0000000005493eb0 [0x00000000054937e0+0x6d0]
J 886 C2 ec.breed.MultiBreedingPipeline.produce(IIII[Lec/Individual;Lec/EvolutionState;I)I (157 bytes) @ 0x000000000539b50c [0x000000000539b3e0+0x12c]
j  ec.app.batch.MyBreeder.breedPopChunk(Lec/Population;Lec/EvolutionState;[I[II)V+272
j  ec.app.batch.MyBreeder.breedPopulation(Lec/EvolutionState;)Lec/Population;+547
j  ec.simple.SimpleEvolutionState.evolve()I+147
j  ec.EvolutionState.run(I)V+21
j  ec.Evolve.main([Ljava/lang/String;)V+274
v  ~StubRoutines::call_stub

---------------  P R O C E S S  ---------------

Java Threads: ( => current thread )
  0x0000000020c25000 JavaThread "Service Thread" daemon [_thread_blocked, id=7476, stack(0x0000000021700000,0x0000000021800000)]
  0x0000000020bba000 JavaThread "C1 CompilerThread3" daemon [_thread_blocked, id=10208, stack(0x0000000021600000,0x0000000021700000)]
  0x0000000020b96800 JavaThread "C2 CompilerThread2" daemon [_thread_blocked, id=10128, stack(0x0000000021500000,0x0000000021600000)]
  0x0000000020b39000 JavaThread "C2 CompilerThread1" daemon [_thread_blocked, id=9952, stack(0x0000000021400000,0x0000000021500000)]
  0x0000000020b35000 JavaThread "C2 CompilerThread0" daemon [_thread_blocked, id=10024, stack(0x0000000021300000,0x0000000021400000)]
  0x0000000020b33800 JavaThread "Attach Listener" daemon [_thread_blocked, id=10108, stack(0x0000000021200000,0x0000000021300000)]
  0x0000000020b8c000 JavaThread "Signal Dispatcher" daemon [_thread_blocked, id=2400, stack(0x0000000021100000,0x0000000021200000)]
  0x0000000020b20800 JavaThread "Finalizer" daemon [_thread_blocked, id=10020, stack(0x0000000020f00000,0x0000000021000000)]
  0x00000000050b8000 JavaThread "Reference Handler" daemon [_thread_blocked, id=10116, stack(0x0000000020a00000,0x0000000020b00000)]
=>0x000000000519e800 JavaThread "main" [_thread_in_native, id=1768, stack(0x0000000004ac0000,0x0000000004bc0000)]

Other Threads:
  0x000000001ec19000 VMThread [stack: 0x0000000020900000,0x0000000020a00000] [id=10028]
  0x0000000020c46000 WatcherThread [stack: 0x0000000021800000,0x0000000021900000] [id=12440]

VM state:not at safepoint (normal execution)

VM Mutex/Monitor currently owned by a thread: None

Heap:
 PSYoungGen      total 31744K, used 14601K [0x000000076b000000, 0x000000076d300000, 0x00000007c0000000)
  eden space 31232K, 46% used [0x000000076b000000,0x000000076be0a480,0x000000076ce80000)
  from space 512K, 43% used [0x000000076d280000,0x000000076d2b8000,0x000000076d300000)
  to   space 512K, 0% used [0x000000076d200000,0x000000076d200000,0x000000076d280000)
 ParOldGen       total 175104K, used 84459K [0x00000006c1000000, 0x00000006cbb00000, 0x000000076b000000)
  object space 175104K, 48% used [0x00000006c1000000,0x00000006c627ad20,0x00000006cbb00000)
 Metaspace       used 5427K, capacity 5969K, committed 6016K, reserved 1056768K
  class space    used 567K, capacity 595K, committed 640K, reserved 1048576K

Card table byte_map: [0x0000000014560000,0x0000000014d60000] byte_map_base: 0x0000000010f58000

Marking Bits: (ParMarkBitMap*) 0x0000000054e3f860
 Begin Bits: [0x0000000015ab0000, 0x0000000019a70000)
 End Bits:   [0x0000000019a70000, 0x000000001da30000)

Polling page: 0x0000000002e40000

CodeCache: size=245760Kb used=4028Kb max_used=4450Kb free=241731Kb
 bounds [0x00000000051a0000, 0x0000000005650000, 0x00000000141a0000]
 total_blobs=1001 nmethods=701 adapters=213
 compilation: enabled

Compilation events (10 events):
Event: 177150.663 Thread 0x0000000020bba000  923 %     3       sun.misc.FloatingDecimal$BinaryToASCIIBuffer::dtoa @ 914 (1509 bytes)
Event: 177150.669 Thread 0x0000000020bba000 nmethod 923% 0x00000000054111d0 code [0x0000000005411600, 0x0000000005413e98]
Event: 177154.111 Thread 0x0000000020b35000  924       4       java.lang.Math::max (11 bytes)
Event: 177154.111 Thread 0x0000000020b35000 nmethod 924 0x00000000052da510 code [0x00000000052da640, 0x00000000052da698]
Event: 177156.370 Thread 0x0000000020bba000  925       3       sun.misc.FloatingDecimal$BinaryToASCIIBuffer::dtoa (1509 bytes)
Event: 177156.376 Thread 0x0000000020bba000 nmethod 925 0x000000000533ec10 code [0x000000000533f040, 0x0000000005341758]
Event: 185099.732 Thread 0x0000000020b35000  926 %     4       java.util.DualPivotQuicksort::sort @ 759 (1235 bytes)
Event: 185099.748 Thread 0x0000000020b35000 nmethod 926% 0x00000000052c9b90 code [0x00000000052c9d20, 0x00000000052caa08]
Event: 185172.589 Thread 0x0000000020b39000  927       4       sun.misc.FloatingDecimal$BinaryToASCIIBuffer::dtoa (1509 bytes)
Event: 185172.617 Thread 0x0000000020b39000 nmethod 927 0x000000000537a3d0 code [0x000000000537a660, 0x000000000537bb28]

GC Heap History (10 events):
Event: 188776.297 GC heap before
{Heap before GC invocations=858 (full 0):
 PSYoungGen      total 31744K, used 31456K [0x000000076b000000, 0x000000076d300000, 0x00000007c0000000)
  eden space 31232K, 100% used [0x000000076b000000,0x000000076ce80000,0x000000076ce80000)
  from space 512K, 43% used [0x000000076d200000,0x000000076d238000,0x000000076d280000)
  to   space 512K, 0% used [0x000000076d280000,0x000000076d280000,0x000000076d300000)
 ParOldGen       total 175104K, used 84027K [0x00000006c1000000, 0x00000006cbb00000, 0x000000076b000000)
  object space 175104K, 47% used [0x00000006c1000000,0x00000006c620ed20,0x00000006cbb00000)
 Metaspace       used 5427K, capacity 5969K, committed 6016K, reserved 1056768K
  class space    used 567K, capacity 595K, committed 640K, reserved 1048576K
Event: 188776.299 GC heap after
Heap after GC invocations=858 (full 0):
 PSYoungGen      total 31744K, used 256K [0x000000076b000000, 0x000000076d300000, 0x00000007c0000000)
  eden space 31232K, 0% used [0x000000076b000000,0x000000076b000000,0x000000076ce80000)
  from space 512K, 50% used [0x000000076d280000,0x000000076d2c0000,0x000000076d300000)
  to   space 512K, 0% used [0x000000076d200000,0x000000076d200000,0x000000076d280000)
 ParOldGen       total 175104K, used 84123K [0x00000006c1000000, 0x00000006cbb00000, 0x000000076b000000)
  object space 175104K, 48% used [0x00000006c1000000,0x00000006c6226d20,0x00000006cbb00000)
 Metaspace       used 5427K, capacity 5969K, committed 6016K, reserved 1056768K
  class space    used 567K, capacity 595K, committed 640K, reserved 1048576K
}
Event: 188878.267 GC heap before
{Heap before GC invocations=859 (full 0):
 PSYoungGen      total 31744K, used 31488K [0x000000076b000000, 0x000000076d300000, 0x00000007c0000000)
  eden space 31232K, 100% used [0x000000076b000000,0x000000076ce80000,0x000000076ce80000)
  from space 512K, 50% used [0x000000076d280000,0x000000076d2c0000,0x000000076d300000)
  to   space 512K, 0% used [0x000000076d200000,0x000000076d200000,0x000000076d280000)
 ParOldGen       total 175104K, used 84123K [0x00000006c1000000, 0x00000006cbb00000, 0x000000076b000000)
  object space 175104K, 48% used [0x00000006c1000000,0x00000006c6226d20,0x00000006cbb00000)
 Metaspace       used 5427K, capacity 5969K, committed 6016K, reserved 1056768K
  class space    used 567K, capacity 595K, committed 640K, reserved 1048576K
Event: 188878.268 GC heap after
Heap after GC invocations=859 (full 0):
 PSYoungGen      total 31744K, used 192K [0x000000076b000000, 0x000000076d300000, 0x00000007c0000000)
  eden space 31232K, 0% used [0x000000076b000000,0x000000076b000000,0x000000076ce80000)
  from space 512K, 37% used [0x000000076d200000,0x000000076d230000,0x000000076d280000)
  to   space 512K, 0% used [0x000000076d280000,0x000000076d280000,0x000000076d300000)
 ParOldGen       total 175104K, used 84195K [0x00000006c1000000, 0x00000006cbb00000, 0x000000076b000000)
  object space 175104K, 48% used [0x00000006c1000000,0x00000006c6238d20,0x00000006cbb00000)
 Metaspace       used 5427K, capacity 5969K, committed 6016K, reserved 1056768K
  class space    used 567K, capacity 595K, committed 640K, reserved 1048576K
}
Event: 188973.295 GC heap before
{Heap before GC invocations=860 (full 0):
 PSYoungGen      total 31744K, used 31424K [0x000000076b000000, 0x000000076d300000, 0x00000007c0000000)
  eden space 31232K, 100% used [0x000000076b000000,0x000000076ce80000,0x000000076ce80000)
  from space 512K, 37% used [0x000000076d200000,0x000000076d230000,0x000000076d280000)
  to   space 512K, 0% used [0x000000076d280000,0x000000076d280000,0x000000076d300000)
 ParOldGen       total 175104K, used 84195K [0x00000006c1000000, 0x00000006cbb00000, 0x000000076b000000)
  object space 175104K, 48% used [0x00000006c1000000,0x00000006c6238d20,0x00000006cbb00000)
 Metaspace       used 5427K, capacity 5969K, committed 6016K, reserved 1056768K
  class space    used 567K, capacity 595K, committed 640K, reserved 1048576K
Event: 188973.296 GC heap after
Heap after GC invocations=860 (full 0):
 PSYoungGen      total 31744K, used 256K [0x000000076b000000, 0x000000076d300000, 0x00000007c0000000)
  eden space 31232K, 0% used [0x000000076b000000,0x000000076b000000,0x000000076ce80000)
  from space 512K, 50% used [0x000000076d280000,0x000000076d2c0000,0x000000076d300000)
  to   space 512K, 0% used [0x000000076d200000,0x000000076d200000,0x000000076d280000)
 ParOldGen       total 175104K, used 84283K [0x00000006c1000000, 0x00000006cbb00000, 0x000000076b000000)
  object space 175104K, 48% used [0x00000006c1000000,0x00000006c624ed20,0x00000006cbb00000)
 Metaspace       used 5427K, capacity 5969K, committed 6016K, reserved 1056768K
  class space    used 567K, capacity 595K, committed 640K, reserved 1048576K
}
Event: 189076.995 GC heap before
{Heap before GC invocations=861 (full 0):
 PSYoungGen      total 31744K, used 31488K [0x000000076b000000, 0x000000076d300000, 0x00000007c0000000)
  eden space 31232K, 100% used [0x000000076b000000,0x000000076ce80000,0x000000076ce80000)
  from space 512K, 50% used [0x000000076d280000,0x000000076d2c0000,0x000000076d300000)
  to   space 512K, 0% used [0x000000076d200000,0x000000076d200000,0x000000076d280000)
 ParOldGen       total 175104K, used 84283K [0x00000006c1000000, 0x00000006cbb00000, 0x000000076b000000)
  object space 175104K, 48% used [0x00000006c1000000,0x00000006c624ed20,0x00000006cbb00000)
 Metaspace       used 5427K, capacity 5969K, committed 6016K, reserved 1056768K
  class space    used 567K, capacity 595K, committed 640K, reserved 1048576K
Event: 189076.996 GC heap after
Heap after GC invocations=861 (full 0):
 PSYoungGen      total 31744K, used 224K [0x000000076b000000, 0x000000076d300000, 0x00000007c0000000)
  eden space 31232K, 0% used [0x000000076b000000,0x000000076b000000,0x000000076ce80000)
  from space 512K, 43% used [0x000000076d200000,0x000000076d238000,0x000000076d280000)
  to   space 512K, 0% used [0x000000076d280000,0x000000076d280000,0x000000076d300000)
 ParOldGen       total 175104K, used 84363K [0x00000006c1000000, 0x00000006cbb00000, 0x000000076b000000)
  object space 175104K, 48% used [0x00000006c1000000,0x00000006c6262d20,0x00000006cbb00000)
 Metaspace       used 5427K, capacity 5969K, committed 6016K, reserved 1056768K
  class space    used 567K, capacity 595K, committed 640K, reserved 1048576K
}
Event: 189171.732 GC heap before
{Heap before GC invocations=862 (full 0):
 PSYoungGen      total 31744K, used 31456K [0x000000076b000000, 0x000000076d300000, 0x00000007c0000000)
  eden space 31232K, 100% used [0x000000076b000000,0x000000076ce80000,0x000000076ce80000)
  from space 512K, 43% used [0x000000076d200000,0x000000076d238000,0x000000076d280000)
  to   space 512K, 0% used [0x000000076d280000,0x000000076d280000,0x000000076d300000)
 ParOldGen       total 175104K, used 84363K [0x00000006c1000000, 0x00000006cbb00000, 0x000000076b000000)
  object space 175104K, 48% used [0x00000006c1000000,0x00000006c6262d20,0x00000006cbb00000)
 Metaspace       used 5427K, capacity 5969K, committed 6016K, reserved 1056768K
  class space    used 567K, capacity 595K, committed 640K, reserved 1048576K
Event: 189171.733 GC heap after
Heap after GC invocations=862 (full 0):
 PSYoungGen      total 31744K, used 224K [0x000000076b000000, 0x000000076d300000, 0x00000007c0000000)
  eden space 31232K, 0% used [0x000000076b000000,0x000000076b000000,0x000000076ce80000)
  from space 512K, 43% used [0x000000076d280000,0x000000076d2b8000,0x000000076d300000)
  to   space 512K, 0% used [0x000000076d200000,0x000000076d200000,0x000000076d280000)
 ParOldGen       total 175104K, used 84459K [0x00000006c1000000, 0x00000006cbb00000, 0x000000076b000000)
  object space 175104K, 48% used [0x00000006c1000000,0x00000006c627ad20,0x00000006cbb00000)
 Metaspace       used 5427K, capacity 5969K, committed 6016K, reserved 1056768K
  class space    used 567K, capacity 595K, committed 640K, reserved 1048576K
}

Deoptimization events (10 events):
Event: 14013.439 Thread 0x000000000519e800 Uncommon trap: reason=array_check action=maybe_recompile pc=0x00000000055da220 method=java.util.Arrays.swap([Ljava/lang/Object;II)V @ 13
Event: 17300.772 Thread 0x000000000519e800 Uncommon trap: reason=unstable_if action=reinterpret pc=0x000000000551eccc method=ec.util.MersenneTwisterFast.nextInt(I)I @ 43
Event: 30069.648 Thread 0x000000000519e800 Uncommon trap: reason=unstable_if action=reinterpret pc=0x000000000550c868 method=sun.misc.FloatingDecimal$BinaryToASCIIBuffer.estimateDecExp(JI)I @ 117
Event: 30069.648 Thread 0x000000000519e800 Uncommon trap: reason=unstable_if action=reinterpret pc=0x000000000532b7e4 method=sun.misc.FormattedFloatingDecimal.fillDecimal(I[CIIZ)V @ 188
Event: 31715.905 Thread 0x000000000519e800 Uncommon trap: reason=unstable_if action=reinterpret pc=0x000000000561cc3c method=ec.app.batch.NewDuplicateRemovalCrossoverPipeline.produce(IIII[Lec/Individual;Lec/EvolutionState;I)I @ 774
Event: 37225.718 Thread 0x000000000519e800 Uncommon trap: reason=unstable_if action=reinterpret pc=0x00000000052ca078 method=java.util.Formatter$FormatSpecifier.print(DLjava/util/Locale;)V @ 15
Event: 37264.621 Thread 0x000000000519e800 Uncommon trap: reason=unstable_if action=reinterpret pc=0x0000000005372770 method=sun.misc.FloatingDecimal.getBinaryToASCIIConverter(DZ)Lsun/misc/FloatingDecimal$BinaryToASCIIConverter; @ 12
Event: 87893.602 Thread 0x000000000519e800 Uncommon trap: reason=unstable_if action=reinterpret pc=0x000000000531b1ac method=sun.misc.FloatingDecimal$BinaryToASCIIBuffer.dtoa(IJIZ)V @ 978
Event: 95849.503 Thread 0x000000000519e800 Uncommon trap: reason=unstable_if action=reinterpret pc=0x00000000054f5238 method=sun.misc.FloatingDecimal$BinaryToASCIIBuffer.dtoa(IJIZ)V @ 379
Event: 177145.533 Thread 0x000000000519e800 Uncommon trap: reason=unstable_if action=reinterpret pc=0x0000000005436348 method=sun.misc.FloatingDecimal$BinaryToASCIIBuffer.dtoa(IJIZ)V @ 372

Classes redefined (0 events):
No events

Internal exceptions (7 events):
Event: 0.029 Thread 0x000000000519e800 Exception <a 'java/lang/NoSuchMethodError': Method sun.misc.Unsafe.defineClass(Ljava/lang/String;[BII)Ljava/lang/Class; name or signature does not match> (0x000000076b007ca0) thrown at [C:\re\workspace\8-2-build-windows-amd64-cygwin\jdk8u161\10277\hotspot
Event: 0.029 Thread 0x000000000519e800 Exception <a 'java/lang/NoSuchMethodError': Method sun.misc.Unsafe.prefetchRead(Ljava/lang/Object;J)V name or signature does not match> (0x000000076b007f88) thrown at [C:\re\workspace\8-2-build-windows-amd64-cygwin\jdk8u161\10277\hotspot\src\share\vm\prim
Event: 1416.303 Thread 0x000000000519e800 Exception <a 'java/security/PrivilegedActionException'> (0x000000076caddfd0) thrown at [C:\re\workspace\8-2-build-windows-amd64-cygwin\jdk8u161\10277\hotspot\src\share\vm\prims\jvm.cpp, line 1390]
Event: 1416.303 Thread 0x000000000519e800 Exception <a 'java/security/PrivilegedActionException'> (0x000000076cade3c8) thrown at [C:\re\workspace\8-2-build-windows-amd64-cygwin\jdk8u161\10277\hotspot\src\share\vm\prims\jvm.cpp, line 1390]
Event: 1416.304 Thread 0x000000000519e800 Exception <a 'java/security/PrivilegedActionException'> (0x000000076cae2458) thrown at [C:\re\workspace\8-2-build-windows-amd64-cygwin\jdk8u161\10277\hotspot\src\share\vm\prims\jvm.cpp, line 1390]
Event: 1416.304 Thread 0x000000000519e800 Exception <a 'java/security/PrivilegedActionException'> (0x000000076cae2850) thrown at [C:\re\workspace\8-2-build-windows-amd64-cygwin\jdk8u161\10277\hotspot\src\share\vm\prims\jvm.cpp, line 1390]
Event: 1452.020 Thread 0x000000000519e800 Implicit null exception at 0x000000000533a1d6 to 0x000000000533a581

Events (10 events):
Event: 188776.297 Executing VM operation: ParallelGCFailedAllocation
Event: 188776.299 Executing VM operation: ParallelGCFailedAllocation done
Event: 188878.267 Executing VM operation: ParallelGCFailedAllocation
Event: 188878.268 Executing VM operation: ParallelGCFailedAllocation done
Event: 188973.295 Executing VM operation: ParallelGCFailedAllocation
Event: 188973.296 Executing VM operation: ParallelGCFailedAllocation done
Event: 189076.995 Executing VM operation: ParallelGCFailedAllocation
Event: 189076.996 Executing VM operation: ParallelGCFailedAllocation done
Event: 189171.731 Executing VM operation: ParallelGCFailedAllocation
Event: 189171.733 Executing VM operation: ParallelGCFailedAllocation done


Dynamic libraries:
0x00007ff708f30000 - 0x00007ff708f67000 	C:\Program Files\Java\jre1.8.0_161\bin\javaw.exe
0x00007fff171d0000 - 0x00007fff173b0000 	C:\WINDOWS\SYSTEM32\ntdll.dll
0x00007fff167a0000 - 0x00007fff1684e000 	C:\WINDOWS\System32\KERNEL32.DLL
0x00007fff14190000 - 0x00007fff143f6000 	C:\WINDOWS\System32\KERNELBASE.dll
0x00007fff16850000 - 0x00007fff168f1000 	C:\WINDOWS\System32\ADVAPI32.dll
0x00007fff146f0000 - 0x00007fff1478d000 	C:\WINDOWS\System32\msvcrt.dll
0x00007fff15cf0000 - 0x00007fff15d4b000 	C:\WINDOWS\System32\sechost.dll
0x00007fff16610000 - 0x00007fff1672f000 	C:\WINDOWS\System32\RPCRT4.dll
0x00007fff15d50000 - 0x00007fff15edf000 	C:\WINDOWS\System32\USER32.dll
0x00007fff135d0000 - 0x00007fff135f0000 	C:\WINDOWS\System32\win32u.dll
0x00007fff146a0000 - 0x00007fff146c8000 	C:\WINDOWS\System32\GDI32.dll
0x00007fff14500000 - 0x00007fff14693000 	C:\WINDOWS\System32\gdi32full.dll
0x00007fff13670000 - 0x00007fff1370b000 	C:\WINDOWS\System32\msvcp_win.dll
0x00007fff13710000 - 0x00007fff13806000 	C:\WINDOWS\System32\ucrtbase.dll
0x00007fff00d00000 - 0x00007fff00f69000 	C:\WINDOWS\WinSxS\amd64_microsoft.windows.common-controls_6595b64144ccf1df_6.0.16299.248_none_15ced204935f55d7\COMCTL32.dll
0x00007fff16a10000 - 0x00007fff16d18000 	C:\WINDOWS\System32\combase.dll
0x00007fff135f0000 - 0x00007fff13662000 	C:\WINDOWS\System32\bcryptPrimitives.dll
0x00007fff16960000 - 0x00007fff1698d000 	C:\WINDOWS\System32\IMM32.DLL
0x0000000054520000 - 0x00000000545f2000 	C:\Program Files\Java\jre1.8.0_161\bin\msvcr100.dll
0x0000000054620000 - 0x0000000054ebf000 	C:\Program Files\Java\jre1.8.0_161\bin\server\jvm.dll
0x00007fff17190000 - 0x00007fff17198000 	C:\WINDOWS\System32\PSAPI.DLL
0x00007fff113d0000 - 0x00007fff113f3000 	C:\WINDOWS\SYSTEM32\WINMM.dll
0x00007ffee95e0000 - 0x00007ffee95e9000 	C:\WINDOWS\SYSTEM32\WSOCK32.dll
0x00007fff0acb0000 - 0x00007fff0acba000 	C:\WINDOWS\SYSTEM32\VERSION.dll
0x00007fff17120000 - 0x00007fff1718c000 	C:\WINDOWS\System32\WS2_32.dll
0x00007fff11370000 - 0x00007fff1139a000 	C:\WINDOWS\SYSTEM32\winmmbase.dll
0x00007fff14400000 - 0x00007fff1444a000 	C:\WINDOWS\System32\cfgmgr32.dll
0x0000000055250000 - 0x000000005525f000 	C:\Program Files\Java\jre1.8.0_161\bin\verify.dll
0x0000000055220000 - 0x0000000055249000 	C:\Program Files\Java\jre1.8.0_161\bin\java.dll
0x0000000055200000 - 0x0000000055216000 	C:\Program Files\Java\jre1.8.0_161\bin\zip.dll
0x00007fff14790000 - 0x00007fff15bc6000 	C:\WINDOWS\System32\SHELL32.dll
0x00007fff16e70000 - 0x00007fff16f16000 	C:\WINDOWS\System32\shcore.dll
0x00007fff139e0000 - 0x00007fff14127000 	C:\WINDOWS\System32\windows.storage.dll
0x00007fff16740000 - 0x00007fff16791000 	C:\WINDOWS\System32\shlwapi.dll
0x00007fff13540000 - 0x00007fff13551000 	C:\WINDOWS\System32\kernel.appcore.dll
0x00007fff13560000 - 0x00007fff135ac000 	C:\WINDOWS\System32\powrprof.dll
0x00007fff13520000 - 0x00007fff1353b000 	C:\WINDOWS\System32\profapi.dll
0x0000000061680000 - 0x00000000616a7000 	C:\Users\nkwan\Desktop\Java\Java_ClassA\ec\app\batch\Resource\libNewClassA.dll
0x000000006fc40000 - 0x000000006fda4000 	C:\Program Files\mingw-w64\x86_64-7.2.0-posix-seh-rt_v5-rev1\mingw64\bin\libstdc++-6.dll
0x0000000061440000 - 0x000000006145a000 	C:\Program Files\mingw-w64\x86_64-7.2.0-posix-seh-rt_v5-rev1\mingw64\bin\libgcc_s_seh-1.dll
0x0000000064940000 - 0x0000000064955000 	C:\Program Files\mingw-w64\x86_64-7.2.0-posix-seh-rt_v5-rev1\mingw64\bin\libwinpthread-1.dll

VM Arguments:
jvm_args: -Dfile.encoding=GBK 
java_command: ec.Evolve -file ec/app/batch/MultipleEvaluation_Batch.params
java_class_path (initial): C:\Program Files\Java\jre1.8.0_161\lib\resources.jar;C:\Program Files\Java\jre1.8.0_161\lib\rt.jar;C:\Program Files\Java\jre1.8.0_161\lib\jsse.jar;C:\Program Files\Java\jre1.8.0_161\lib\jce.jar;C:\Program Files\Java\jre1.8.0_161\lib\charsets.jar;C:\Program Files\Java\jre1.8.0_161\lib\jfr.jar;C:\Program Files\Java\jre1.8.0_161\lib\ext\access-bridge-64.jar;C:\Program Files\Java\jre1.8.0_161\lib\ext\cldrdata.jar;C:\Program Files\Java\jre1.8.0_161\lib\ext\dnsns.jar;C:\Program Files\Java\jre1.8.0_161\lib\ext\jaccess.jar;C:\Program Files\Java\jre1.8.0_161\lib\ext\jfxrt.jar;C:\Program Files\Java\jre1.8.0_161\lib\ext\localedata.jar;C:\Program Files\Java\jre1.8.0_161\lib\ext\nashorn.jar;C:\Program Files\Java\jre1.8.0_161\lib\ext\sunec.jar;C:\Program Files\Java\jre1.8.0_161\lib\ext\sunjce_provider.jar;C:\Program Files\Java\jre1.8.0_161\lib\ext\sunmscapi.jar;C:\Program Files\Java\jre1.8.0_161\lib\ext\sunpkcs11.jar;C:\Program Files\Java\jre1.8.0_161\lib\ext\zipfs.jar;C:\Users\nkwan\Desktop\Java\Java_ClassA;C:\Users\nkwan\Desktop\GP\20180302 Later\Java_ClassA\libraries\EJML-core-0.27.jar;C:\Users\nkwan\Desktop\GP\20180302 Later\Java_ClassA\libraries\EJML-dense64-0.27.jar;C:\Users\nkwan\Desktop\GP\20180302 Later\Java_ClassA\libraries\EJML-simple-0.27.jar;C:\Users\nkwan\Desktop\GP\20180302 Later\Java_ClassA\libraries\fel.jar;C:\Users\nkwan\Desktop\GP\20180302 Later\Java_ClassA\libraries\itext-1.2.jar;C:\Users\nkwan\Desktop\GP\20180302 Later\Java_ClassA\libraries\jcommon-1.0.16.jar;C:\Users\nkwan\Desktop\GP\20180302 Later\Java_ClassA\libraries\jfreechart-1.0.13.jar;C:\Users\nkwan\Desktop\GP\20180302 Later\Java_ClassA\libraries\jzlib-1.0.7.jar;C:\Users\nkwan\Desktop\GP\20180302 Later\Java_ClassA\libraries\pshecj.jar;C:\Users\nkwan\Desktop\Java\jasima\target\classes;C:\Users\nkwan\Desktop\Java\jasima\target\test-classes;C:\Users\nkwan\.m2\repository\net\sourceforge\jexcelapi\jxl\2.6.12\jxl-2.6.12.jar;C:\Users\nkwan\.m2\repository\org\hamcrest\hamcrest-all
Launcher Type: SUN_STANDARD

Environment Variables:
JAVA_HOME=C:\Program Files\Java\jdk1.8.0_152
CLASSPATH=C:\Program Files\Java\jdk1.8.0_152\lib;
PATH=C:/Program Files/Java/jre1.8.0_161/bin/server;C:/Program Files/Java/jre1.8.0_161/bin;C:/Program Files/Java/jre1.8.0_161/lib/amd64;C:\ProgramData\Oracle\Java\javapath;C:\CTEX\UserData\miktex\bin;C:\CTEX\MiKTeX\miktex\bin;C:\CTEX\CTeX\ctex\bin;C:\CTEX\CTeX\cct\bin;C:\CTEX\CTeX\ty\bin;C:\CTEX\Ghostscript\gs9.05\bin;C:\CTEX\GSview\gsview;C:\CTEX\WinEdt;C:\WINDOWS\system32;C:\WINDOWS;C:\WINDOWS\System32\Wbem;C:\WINDOWS\System32\WindowsPowerShell\v1.0\;C:\Program Files (x86)\Visual Leak Detector\bin\Win32;C:\Program Files (x86)\Visual Leak Detector\bin\Win64;C:\Users\nkwan\AppData\Local\Programs\Python\Python36-32\Scripts\;C:\Users\nkwan\AppData\Local\Programs\Python\Python36-32\;C:\Users\nkwan\AppData\Local\Microsoft\WindowsApps;C:\Users\nkwan\AppData\Local\Microsoft\WindowsApps;C:\Program Files\Java\jdk1.8.0_152\bin;C:\Program Files\mingw-w64\x86_64-7.2.0-posix-seh-rt_v5-rev1\mingw64\bin;C:\Users\nkwan\Desktop\GP\20180302 Later\Java_ClassA\ec\app\batch\Resource;C:\Users\nkwan\Desktop\GP\20180302 Later - Class B\Java_ClassA\ec\app\batch\Resource;C:\Users\nkwan\Desktop\Java\Java_ClassA\ec\app\batch\Resource;C:\Users\nkwan\Desktop\GP\20180302 Later - Class B - G2\Java_ClassA\ec\app\batch\Resource;C:\Users\nkwan\Desktop\GP\EclipseSpace\Java_ClassA\ec\app\batch\Resource;;C:\WINDOWS\system32;
USERNAME=nkwan
OS=Windows_NT
PROCESSOR_IDENTIFIER=Intel64 Family 6 Model 94 Stepping 3, GenuineIntel



---------------  S Y S T E M  ---------------

OS: Windows 10.0 , 64 bit Build 16299 (10.0.16299.15)

CPU:total 8 (initial active 8) (4 cores per cpu, 2 threads per core) family 6 model 94 stepping 3, cmov, cx8, fxsr, mmx, sse, sse2, sse3, ssse3, sse4.1, sse4.2, popcnt, avx, avx2, aes, clmul, erms, rtm, 3dnowpref, lzcnt, ht, tsc, tscinvbit, bmi1, bmi2, adx

Memory: 4k page, physical 16705504k(8105808k free), swap 47847248k(0k free)

vm_info: Java HotSpot(TM) 64-Bit Server VM (25.161-b12) for windows-amd64 JRE (1.8.0_161-b12), built on Dec 19 2017 17:52:25 by "java_re" with MS VC++ 10.0 (VS2010)

time: Wed Mar 14 19:27:53 2018
elapsed time: 189217 seconds (2d 4h 33m 37s)

