Number of Subpopulations: i1|
Subpopulation Number: i0|
Number of Individuals: i58|
Individual Number: i0|
Evaluated: T
Fitness: d-4603213970368848955|-7.524690256256638|d4642109821069930023|224.6964784742897|i20|d4626322717216342016|20.0|
Tree 0:
 (If (+ (* (+ (* FMINPT FMAXPT) (+ RSMINPT RFMINPT)) (+ (If FMINPT RSMAXPT SPT) (+ SMINPT SMAXPT))) (If (div (div RSMINPT SMAXPT) (- FMAXPT SMAXPT)) (+ (+ SSUMPT SSUMPT) (- SMAXPT FMINPT)) (max (* FPT RFMAXPT) (max FMAXPT SMAXPT)))) (div (If (* (- RFMAXPT RSSUMPT) (If FPT FMAXPT RSSUMPT)) (If (* FSUMPT RFMAXPT) (* SMAXPT FMINPT) (If FPT RFMINPT RSMINPT)) (* (max SPT FMINPT) (max RSMINPT RSMINPT))) (max (max (- SMAXPT FSUMPT) (If FMAXPT SMAXPT FPT)) (If (+ FPT RSSUMPT) (- SSUMPT FPT) (* SMINPT FMINPT)))) (If (* (- (- SMAXPT FSUMPT) (+ RFMAXPT FPT)) (max (If FMAXPT SSUMPT FMINPT) (* FPT RSMAXPT))) (* (- (* FSUMPT FMAXPT) (+ SPT SMAXPT)) (div (max SMAXPT FMAXPT) (* SPT FMAXPT))) (* (If (div SPT SSUMPT) (div FSUMPT RFMAXPT) (max SMAXPT FPT)) (If (If FSUMPT SMINPT FMINPT) (div SSUMPT SMINPT) (max FMINPT SMINPT)))))
Individual Number: i1|
Evaluated: T
Fitness: d-4604906239330753344|-6.021653483964826|d4644050659227043599|303.7168332544251|i15|d4624633867356078080|15.0|
Tree 0:
 (max (div (If FMAXPT FPT RFMINPT) (max RFMAXPT SMAXPT)) (If (* RFMAXPT SMAXPT) (- SMINPT SMAXPT) (- FMINPT FMINPT)))
Individual Number: i2|
Evaluated: T
Fitness: d-4605056851251165731|-5.887883226504951|d4641030376994573350|194.01683261813122|i15|d4624633867356078080|15.0|
Tree 0:
 (If (+ (* (+ (* FMINPT FMAXPT) (+ RSMINPT RFMINPT)) (+ (If FMINPT RSMAXPT SPT) (+ SMINPT SMAXPT))) (div RSMINPT SMAXPT)) (div (If (- RSMAXPT RSMAXPT) (If (* FSUMPT RFMAXPT) (* SMAXPT FMINPT) (If FPT RFMINPT RSMINPT)) (If (If RSMAXPT RSMINPT SMINPT) (* FMINPT SMAXPT) (- SMAXPT SPT))) (max (max (- SMAXPT FSUMPT) (If FMAXPT SMAXPT FPT)) (If (+ FPT RSSUMPT) (- SSUMPT FPT) (* SMINPT FMINPT)))) (If (* (- (- SMAXPT FSUMPT) (+ RFMAXPT FPT)) (max (If FMAXPT SSUMPT FMINPT) (* FPT RSMAXPT))) (* (- (* FSUMPT FMAXPT) (+ SPT SMAXPT)) (div (max SMAXPT FMAXPT) (* SPT FMAXPT))) (* (If (div SPT SSUMPT) (div FSUMPT RFMAXPT) (max SMAXPT FPT)) (If (If FSUMPT SMINPT FMINPT) (div SSUMPT SMINPT) (max FMINPT SMINPT)))))
Individual Number: i3|
Evaluated: T
Fitness: d-4605308506026457039|-5.664368885876727|d4639888359660764301|161.55874779212573|i15|d4624633867356078080|15.0|
Tree 0:
 (+ (If (+ (+ (If SMINPT RSMAXPT RSMINPT) (* RSMINPT RFMINPT)) (If (div SPT RSMINPT) (div RSMINPT RSMINPT) (div FPT RSSUMPT))) (* (If (div RSSUMPT RFMAXPT) (If RFMAXPT RFMINPT SSUMPT) (max SMINPT SMINPT)) (max (+ RFMAXPT FPT) (div SMINPT FMINPT))) (+ (If (If RSMAXPT RSSUMPT RFMAXPT) (If SSUMPT SMAXPT SSUMPT) (* FSUMPT FPT)) (If (If RSMAXPT RSMINPT SMINPT) (* FMINPT SMAXPT) (- SMAXPT SPT)))) (- (max FMINPT SMINPT) (max (* (- RFMINPT FSUMPT) (If SMINPT RFMINPT FMAXPT)) (div (If RSMINPT RSMINPT SSUMPT) (+ SSUMPT FPT)))))
Individual Number: i4|
Evaluated: T
Fitness: d-4605377370770026805|-5.603204706759878|d4636311058806308640|93.94287118082548|i10|d4621819117588971520|10.0|
Tree 0:
 (+ (If (+ (+ (If SMINPT RSMAXPT RSMINPT) (* RSMINPT RFMINPT)) (If (div SPT RSMINPT) (div RSMINPT RSMINPT) (div FPT RSSUMPT))) (* (If (div RSSUMPT RFMAXPT) (If RFMAXPT RFMINPT SSUMPT) (max SMINPT SMINPT)) (max (+ RFMAXPT FPT) (div SMINPT FMINPT))) (+ (If (If RSMAXPT RSSUMPT RFMAXPT) (If SSUMPT SMAXPT SSUMPT) (* FSUMPT FPT)) (If (If RSMAXPT RSMINPT SMINPT) (* FMINPT SMAXPT) (- SMAXPT SPT)))) (- (- (If (- RSMAXPT RSMAXPT) (max SMINPT SPT) (div RSMAXPT SMINPT)) (If (max SMAXPT SSUMPT) (+ RSMAXPT RFMINPT) (+ SMINPT SMINPT))) (max (* (- RFMINPT FSUMPT) (If SMINPT RFMINPT FMAXPT)) (div (If RSMINPT RSMINPT SSUMPT) (+ SSUMPT FPT)))))
Individual Number: i5|
Evaluated: T
Fitness: d-4605579080967149184|-5.424050062642323|d4638586961927199955|126.28539977768678|i10|d4621819117588971520|10.0|
Tree 0:
 RSSUMPT
Individual Number: i6|
Evaluated: T
Fitness: d-4605603356459898489|-5.402489093854803|d4631907614461502354|47.683081675152735|i5|d4617315517961601024|5.0|
Tree 0:
 (max (- (div (If SMINPT FMAXPT RSMAXPT) (max (div RSSUMPT SMAXPT) (- FSUMPT FSUMPT))) (div (If SMAXPT RSMINPT SMAXPT) (div FSUMPT SSUMPT))) (+ (If (* SMAXPT SSUMPT) (If RFMAXPT RFMAXPT SMAXPT) (+ SMAXPT SPT)) (div (If RSMINPT SPT RSSUMPT) (div RSSUMPT RFMAXPT))))
Individual Number: i7|
Evaluated: T
Fitness: d-4605958962682792160|-5.086647320769572|d4618156977218254862|5.747365952816848|i5|d4617315517961601024|5.0|
Tree 0:
 (+ (* (+ (* (- SMAXPT RFMAXPT) (If SSUMPT SMINPT SSUMPT)) (div (+ SPT SMAXPT) (max RFMINPT RSSUMPT))) (* (div (- SSUMPT RFMINPT) (max FPT RSSUMPT)) (If (If RSMAXPT FPT FPT) (If (* SMAXPT SSUMPT) (If RFMAXPT RFMAXPT SMAXPT) (+ SMAXPT SPT)) (+ FMAXPT FMAXPT)))) (If (- (- (max RSMAXPT SPT) (* RSSUMPT FMINPT)) (If (- RSMAXPT RFMAXPT) (div FMINPT RFMAXPT) (max RSSUMPT RSMINPT))) (div (max (* RSMAXPT SMAXPT) (+ SMINPT FSUMPT)) (If (- FSUMPT FSUMPT) (- SMAXPT SMAXPT) (* SMAXPT RSSUMPT))) (div (div (+ FPT SMINPT) (max RSMINPT FPT)) (+ (+ RFMAXPT SMAXPT) (* FMAXPT RSSUMPT)))))
Individual Number: i8|
Evaluated: T
Fitness: d-4606755597544178302|-4.3790934285056|d4643007424709195864|250.20790829317662|i35|d4630122629401935872|35.0|
Tree 0:
 (div (max (div RSSUMPT SMAXPT) (- FSUMPT FSUMPT)) (max (div RFMINPT FPT) (+ SSUMPT SMINPT)))
Individual Number: i9|
Evaluated: T
Fitness: d-4606777932697131533|-4.359255827651839|d4643950282920391719|298.0111008117114|i30|d4629137466983448576|30.0|
Tree 0:
 (- (If (* FMINPT SMAXPT) (If SMINPT SMAXPT SPT) (* RSMINPT FPT)) (- (- SPT FSUMPT) (* SMINPT RSSUMPT)))
Individual Number: i10|
Evaluated: T
Fitness: d-4606913274194223233|-4.2390484306450835|d4653166500506663065|1239.5696695219142|i70|d4634626229029306368|70.0|
Tree 0:
 (+ (If (* (max (- FSUMPT SPT) (- RFMAXPT SSUMPT)) (+ (- FSUMPT SMAXPT) (- SMINPT FMAXPT))) (If (If (* RFMAXPT RSMAXPT) (div SMINPT RFMINPT) (- RSSUMPT FPT)) (max (max FMINPT SSUMPT) (If SPT RFMINPT RSSUMPT)) (- (max RFMINPT RFMINPT) (- RSMINPT FMINPT))) (+ (If (+ SMAXPT FPT) (div RFMINPT FSUMPT) (+ RFMAXPT FSUMPT)) (max (div SPT RFMAXPT) (If FMAXPT RSSUMPT FMAXPT)))) (- (div (+ (If FPT RFMAXPT RSSUMPT) (div FMINPT RFMINPT)) (+ (max FPT RFMINPT) (max SSUMPT FMAXPT))) (If (+ (+ FPT SMINPT) (max RSMAXPT RFMAXPT)) (max (max SSUMPT RSMINPT) (- RFMAXPT SPT)) (- (div SMAXPT SSUMPT) (* SMAXPT RSMAXPT)))))
Individual Number: i11|
Evaluated: T
Fitness: d-4607081566775274222|-4.089574591959961|d4644410029319589973|324.144657951086|i30|d4629137466983448576|30.0|
Tree 0:
 SMINPT
Individual Number: i12|
Evaluated: T
Fitness: d-4607388596915916005|-3.9084385234222174|d4631537642434949005|45.054272316133485|i10|d4621819117588971520|10.0|
Tree 0:
 (* (+ (+ (- (- RFMINPT SMINPT) (max RSMAXPT FMAXPT)) (- (+ RSMAXPT FMAXPT) (+ SMINPT RSMINPT))) (max (max (If FSUMPT SPT FSUMPT) (If SPT FMINPT RSSUMPT)) (* (- FMAXPT SPT) (* SPT SMAXPT)))) (If (div (- (+ RFMAXPT FMINPT) (div FPT SMINPT)) (* (- FMAXPT RFMINPT) (If FPT SSUMPT RFMAXPT))) (- (+ (* RSMAXPT SMAXPT) (* RFMINPT FSUMPT)) (If (div SMINPT FSUMPT) (+ SMAXPT RSMAXPT) (div FMINPT SSUMPT))) (If (+ (* FMAXPT SPT) (max RFMAXPT SPT)) (* (* SMINPT FPT) (- RSMINPT FPT)) (+ (If SMAXPT FSUMPT FMAXPT) (max FMINPT SMINPT)))))
Individual Number: i13|
Evaluated: T
Fitness: d-4607687292534526401|-3.775791022167851|d4640669401829441324|183.75730136315667|i25|d4627730092099895296|25.0|
Tree 0:
 (If (+ (* (+ (* FMINPT FMAXPT) (+ RSMINPT RFMINPT)) (+ (If FMINPT RSMAXPT SPT) (+ SMINPT SMAXPT))) (+ (* (+ (* FMINPT FMAXPT) (+ RSMINPT RFMINPT)) (+ (If FMINPT RSMAXPT SPT) (+ SMINPT SMAXPT))) (If (div (div RSMINPT SMAXPT) (- FMAXPT SMAXPT)) (+ (+ SSUMPT SSUMPT) (* FSUMPT RFMAXPT)) (max (* FPT RFMAXPT) (max FMAXPT SMAXPT))))) (* FPT SPT) (If (* (- (- SMAXPT FSUMPT) (+ RFMAXPT FPT)) (* (If (div RSSUMPT RFMAXPT) (If RFMAXPT RFMINPT SSUMPT) (max SMINPT SMINPT)) (max (+ RFMAXPT FPT) (div SMINPT FMINPT)))) (* (- (* FSUMPT FMAXPT) (+ SPT SMAXPT)) (div (max SMAXPT FMAXPT) (* SPT FMAXPT))) (* (If (div SPT SSUMPT) (div FSUMPT RFMAXPT) (max SMAXPT FPT)) (If (If FSUMPT SMINPT FMINPT) (div SSUMPT SMINPT) (max FMINPT SMINPT)))))
Individual Number: i14|
Evaluated: T
Fitness: d-4608048507031840246|-3.615379561469358|d4644233300755897747|314.0988021804598|i25|d4627730092099895296|25.0|
Tree 0:
 (If (If (div (div RSMINPT SMAXPT) (- FMAXPT SMAXPT)) (+ (+ SSUMPT SSUMPT) (- SMAXPT FMINPT)) (div RSMINPT SMAXPT)) (div (If (* (- RFMAXPT RSSUMPT) (If FPT FMAXPT RSSUMPT)) (If (* FSUMPT RFMAXPT) (* SMAXPT FMINPT) (If FPT RFMINPT RSMINPT)) (* (max SPT FMINPT) (max RSMINPT RSMINPT))) (max (max (- SMAXPT FSUMPT) (If FMAXPT SMAXPT FPT)) (If (+ FPT RSSUMPT) (- SSUMPT FPT) (* SMINPT FMINPT)))) (If (* (- (- SMAXPT FSUMPT) (+ RFMAXPT FPT)) (max (If FMAXPT SSUMPT FMINPT) (* FPT RSMAXPT))) (* (- (* FSUMPT FMAXPT) (+ SPT SMAXPT)) (div (max SMAXPT FMAXPT) (* SPT FMAXPT))) (* (If (div SPT SSUMPT) (div FSUMPT RFMAXPT) (max SMAXPT FPT)) (If (If FSUMPT SMINPT FMINPT) (div SSUMPT SMINPT) (+ FPT RSSUMPT)))))
Individual Number: i15|
Evaluated: T
Fitness: d-4609287061097915020|-3.0653510649096294|d4632951492376054025|55.10028036720366|i5|d4617315517961601024|5.0|
Tree 0:
 (max (- (+ (If (- RSMINPT SPT) (+ SMAXPT FPT) (- RSMAXPT RSMINPT)) (- (If FMINPT RSMAXPT RFMAXPT) (- SMAXPT SMINPT))) (+ (If (- RSMAXPT RSMINPT) (div FPT RFMAXPT) (div FSUMPT SMAXPT)) (max (- SSUMPT FSUMPT) (* RFMINPT SMINPT)))) (- (* (+ (If RSSUMPT FSUMPT FPT) (* RSMINPT RSSUMPT)) (div (max SPT RSSUMPT) (+ RSMINPT FMINPT))) (max (div (If FPT SMAXPT RSSUMPT) (* RFMINPT SMINPT)) (If (max SPT SMAXPT) (div SMAXPT SMINPT) (* SMAXPT FSUMPT)))))
Individual Number: i16|
Evaluated: T
Fitness: d-4609309863728666129|-3.0552246626368667|d4649232935694816822|684.5902903291342|i30|d4629137466983448576|30.0|
Tree 0:
 (max (- (div (If SMINPT FMAXPT RSMAXPT) (* SMAXPT RFMINPT)) (div (If SMAXPT RSMINPT SMAXPT) (div FSUMPT SSUMPT))) (+ (If (* SMAXPT SSUMPT) (If RFMAXPT RFMAXPT SMAXPT) (+ SMAXPT SPT)) (div (If RSMINPT SPT RSSUMPT) (div RSSUMPT RFMAXPT))))
Individual Number: i17|
Evaluated: T
Fitness: d-4609959411499253275|-2.7667675064369512|d4641046603869289768|194.47802813628482|i25|d4627730092099895296|25.0|
Tree 0:
 (- (+ (max (max (* FMAXPT SPT) (div RSSUMPT SMAXPT)) (* (* FPT SMAXPT) (+ SMAXPT RSMAXPT))) (div (If (If RFMAXPT RSMAXPT FSUMPT) (div FPT SMAXPT) (max SPT RFMAXPT)) (- (+ RFMAXPT RSMAXPT) (+ FMINPT SMINPT)))) (max (+ (+ (- RFMINPT SSUMPT) (* RSMINPT RFMAXPT)) (+ (max FSUMPT RSSUMPT) (div RFMINPT RFMINPT))) (If (max (If FPT RSSUMPT FMAXPT) (* RSMAXPT SMAXPT)) (* (If SMINPT RFMAXPT FSUMPT) (+ FSUMPT RSSUMPT)) (max (- RFMINPT RFMINPT) (- RSMAXPT SSUMPT)))))
Individual Number: i18|
Evaluated: T
Fitness: d-4610185209207489800|-2.666493180600238|d4647092299466517805|476.6140634107458|i25|d4627730092099895296|25.0|
Tree 0:
 (+ (* (+ (* (- SMAXPT RFMAXPT) (If SSUMPT SMINPT SSUMPT)) (div (+ SPT SMAXPT) (max RFMINPT RSSUMPT))) (* (div (- SSUMPT RFMINPT) (max FPT RSSUMPT)) (If (If RSMAXPT FPT FPT) (If RSSUMPT FPT SMINPT) (+ FMAXPT FMAXPT)))) (If (- (- (max RSMAXPT SPT) (* RSSUMPT FMINPT)) (If (- RSMAXPT RFMAXPT) (div FMINPT RFMAXPT) (max RSSUMPT RSMINPT))) (div (max (* RSMAXPT SMAXPT) (+ SMINPT FSUMPT)) (If (- FSUMPT FSUMPT) (- SMAXPT SMAXPT) (* SMAXPT RSSUMPT))) (div (div (+ FPT SMINPT) (max RSMINPT FPT)) (+ (+ RFMAXPT SMAXPT) (* FMAXPT RSSUMPT)))))
Individual Number: i19|
Evaluated: T
Fitness: d-4612803738729419794|-1.7518162371186423|d4631185622058564318|42.55301710333673|i5|d4617315517961601024|5.0|
Tree 0:
 (+ (max (max (max (If FSUMPT RSMAXPT FMAXPT) (- FSUMPT RFMAXPT)) (If (- SSUMPT SPT) (- RSMINPT FMINPT) (div RFMINPT RSSUMPT))) (div (+ (+ SMAXPT RSMINPT) (* SMAXPT SPT)) (* (If FMAXPT RSMINPT SSUMPT) (+ RFMAXPT SMAXPT)))) (If (div (max (If RSSUMPT RSMINPT RSSUMPT) (max RSMAXPT SMAXPT)) (div (div SMAXPT RFMINPT) (* SMAXPT SSUMPT))) (* (+ (max FPT RFMINPT) (div RSMINPT FMAXPT)) (If (max RFMAXPT RFMINPT) (* FPT RSMAXPT) (+ SMAXPT RSMINPT))) (* (* (max SMAXPT FPT) (max SSUMPT SMINPT)) (If (- FPT FSUMPT) (If RFMAXPT SSUMPT RSMINPT) (max SMINPT RSMINPT)))))
Individual Number: i20|
Evaluated: T
Fitness: d-4613310489208842262|-1.6392950271197102|d4620623043970954360|7.937673224104508|i5|d4617315517961601024|5.0|
Tree 0:
 (max (div (* (max (- SMAXPT RSMINPT) (- RFMAXPT RFMINPT)) (max (+ SPT SMINPT) (+ SMAXPT RSMINPT))) (- (* (- SPT SMINPT) (* FMAXPT SMINPT)) (* (+ FPT FMAXPT) (If FSUMPT FMINPT RSMAXPT)))) (+ (+ (max (div RFMAXPT RFMAXPT) (div RFMAXPT SMINPT)) (* (If RFMINPT RSMAXPT SPT) (If FSUMPT RSSUMPT SMAXPT))) (+ (If (If SMAXPT RSMINPT SMAXPT) (- FMINPT FMINPT) (If SSUMPT FSUMPT RFMAXPT)) (- (max FMAXPT FMINPT) (* RSMINPT FPT)))))
Individual Number: i21|
Evaluated: T
Fitness: d-4613876605447012544|-1.513591970673545|d4643653063408108794|281.116127581408|i25|d4627730092099895296|25.0|
Tree 0:
 (+ (+ (* (* (div RSMINPT RSSUMPT) (+ SPT SMINPT)) (+ (max FPT RSSUMPT) (* SPT RSMAXPT))) (* (+ (If SMAXPT RFMINPT RFMINPT) (If FMINPT FMINPT SSUMPT)) (max (max SMAXPT SMINPT) (- FSUMPT SMAXPT)))) (If (div (max (+ FPT SMAXPT) (+ SMINPT RFMINPT)) (- (div RSMINPT RSMINPT) (- RSSUMPT SSUMPT))) (+ (* (max RSMINPT FMINPT) (- SMINPT FPT)) (- (If FSUMPT FMINPT FPT) (If FSUMPT RSSUMPT SPT))) (* (- (div FPT RSSUMPT) (* RFMAXPT SPT)) (div (+ RFMAXPT RSSUMPT) (* SMAXPT RSMINPT)))))
Individual Number: i22|
Evaluated: T
Fitness: d-4616794328074229955|-0.9328637013161153|d4635211802452286419|78.32149883905304|i5|d4617315517961601024|5.0|
Tree 0:
 (If (* (- RFMINPT FPT) (div RSSUMPT SMAXPT)) (* (div RSMINPT FSUMPT) (If SMAXPT SSUMPT FMAXPT)) (* (If FSUMPT RSSUMPT RFMINPT) (* FMINPT SMAXPT)))
Individual Number: i23|
Evaluated: T
Fitness: d-4623539304281417310|-0.34201045636964456|d4633018967624197532|55.57972084132345|i5|d4617315517961601024|5.0|
Tree 0:
 (- (If (* FSUMPT FMINPT) (+ SMAXPT RFMAXPT) (If RSMINPT SSUMPT FMAXPT)) (If (max FPT SMAXPT) (div SSUMPT FSUMPT) (div RFMINPT RFMAXPT)))
Individual Number: i24|
Evaluated: T
Fitness: d4595979655423777947|0.18906085400678738|d4647244762394837527|485.2805775059691|i25|d4627730092099895296|25.0|
Tree 0:
 (+ (div (If (div (If SPT RSSUMPT FMINPT) (If SMINPT SMAXPT RFMINPT)) (- (If FPT SPT FSUMPT) (- RSSUMPT FMAXPT)) (If (* SPT SMINPT) (- RSMAXPT FPT) (- FMINPT SPT))) (If (* (- RSMINPT SPT) (* RSMINPT SMINPT)) (+ (* RSMAXPT RFMINPT) (div FPT RFMAXPT)) (- (+ RSMINPT FSUMPT) (- SSUMPT RSMINPT)))) (If (max (- (+ SMINPT FPT) (If SMAXPT SSUMPT FMAXPT)) (If (+ RFMAXPT RFMINPT) (div SMAXPT FMAXPT) (* SMINPT FSUMPT))) (max (If (max RFMAXPT FSUMPT) (* RSMAXPT SMAXPT) (* RSMINPT FMINPT)) (If (If SSUMPT FSUMPT FSUMPT) (div SMAXPT FSUMPT) (If SPT SSUMPT SMAXPT))) (+ (- (+ RFMAXPT RSSUMPT) (If SPT SMINPT FPT)) (* (div FPT RSMINPT) (- RSMINPT RSMAXPT)))))
Individual Number: i25|
Evaluated: T
Fitness: d4601331151400070188|0.4251894104670011|d4651311699238791826|920.9183440146319|i65|d4634274385308418048|65.0|
Tree 0:
 (div RSSUMPT FPT)
Individual Number: i26|
Evaluated: T
Fitness: d4603248050095172559|0.5631973276516592|d4652682279185319799|1129.4704879601175|i75|d4634978072750194688|75.0|
Tree 0:
 (max (- (div RSMINPT FMAXPT) (+ FMINPT FMAXPT)) (max (If FPT SMINPT SMAXPT) (max FMINPT SSUMPT)))
Individual Number: i27|
Evaluated: T
Fitness: d4603990729989284603|0.6456513594885956|d4640030868354464606|165.60908847578224|i25|d4627730092099895296|25.0|
Tree 0:
 (* (If (* (+ (+ FPT RSSUMPT) (+ RSMAXPT FPT)) (div (+ FMINPT FMINPT) (If FMINPT SSUMPT RFMAXPT))) (+ (max (max RFMAXPT RSMAXPT) (* FMAXPT SMINPT)) (* (If FSUMPT FMINPT RSSUMPT) (+ FSUMPT RSMAXPT))) (- (- (- SSUMPT FSUMPT) (If SMAXPT FMINPT SSUMPT)) (* (If SSUMPT RFMINPT FPT) (- RSMAXPT FSUMPT)))) (* (- (If (- RFMINPT FMAXPT) (If RSMAXPT FMINPT FMINPT) (If SMAXPT FMINPT FPT)) (+ (If RSMAXPT FSUMPT SSUMPT) (max RFMINPT FMINPT))) (max (If (max RFMINPT SMAXPT) (+ SMAXPT SPT) (max SMAXPT SMAXPT)) (- (If RFMINPT SMAXPT SMAXPT) (- RSMINPT RSMINPT)))))
Individual Number: i28|
Evaluated: T
Fitness: d4604591130209783824|0.7123091743674212|d4647402141088252546|494.22652049552573|i45|d4631530004285489152|45.0|
Tree 0:
 (* (+ SMAXPT SMAXPT) (- SMAXPT FPT))
Individual Number: i29|
Evaluated: T
Fitness: d4607562057768718678|1.0842967848194198|d4646549994030875256|445.78756838202344|i45|d4631530004285489152|45.0|
Tree 0:
 (* FPT SPT)
Individual Number: i30|
Evaluated: T
Fitness: d4608400901691170637|1.2705575521740287|d4658616159227938691|2909.357205779235|i165|d4640009437958897664|165.0|
Tree 0:
 (max (max (- SMAXPT FSUMPT) (If FMAXPT SMAXPT FPT)) (If (+ FPT RSSUMPT) (- SSUMPT FPT) (* SMINPT FMINPT)))
Individual Number: i31|
Evaluated: T
Fitness: d4615504841448728745|3.695898098104483|d4643398627822065164|266.6531389908348|i25|d4627730092099895296|25.0|
Tree 0:
 (+ (- (max RFMINPT FMINPT) (* RSMINPT FMAXPT)) (If (If FPT RFMINPT SPT) (- SMAXPT RSMINPT) (+ FSUMPT RSSUMPT)))
Individual Number: i32|
Evaluated: T
Fitness: d4615713776494113016|3.7886838973191708|d4627334844318529884|23.59579780062755|i5|d4617315517961601024|5.0|
Tree 0:
 (- (* (- RSMAXPT FPT) (max RFMAXPT SMAXPT)) (max (div FMINPT RFMINPT) (+ SMAXPT RFMAXPT)))
Individual Number: i33|
Evaluated: T
Fitness: d4617084610443812236|4.794912925753476|d4620731486058270399|8.0679782916917|i5|d4617315517961601024|5.0|
Tree 0:
 (+ FMINPT SMAXPT)
Individual Number: i34|
Evaluated: T
Fitness: d4617111602770466049|4.818886927784889|d4644001143343148989|300.9021811259407|i25|d4627730092099895296|25.0|
Tree 0:
 (div (+ (- (div SMAXPT RSMINPT) (div FMAXPT FSUMPT)) (- (* RSSUMPT RSMAXPT) (* FSUMPT FMINPT))) (max (+ (+ RSSUMPT SSUMPT) (div RSMAXPT RFMAXPT)) (max (+ RSSUMPT RSMAXPT) (- SSUMPT SMAXPT))))
Individual Number: i35|
Evaluated: T
Fitness: d4617532241499118294|5.19248916906391|d4635191432708969308|78.03202737618761|i5|d4617315517961601024|5.0|
Tree 0:
 (* (If (+ RFMAXPT SMINPT) (If SMINPT SMINPT RSMAXPT) (- SMINPT SMAXPT)) (div (If RFMINPT SMAXPT SMAXPT) (max RSMINPT SMAXPT)))
Individual Number: i36|
Evaluated: T
Fitness: d4618150281475157621|5.741418938294022|d4626342348186925150|20.06974321771883|i5|d4617315517961601024|5.0|
Tree 0:
 (If (- (max (max SSUMPT RFMINPT) (div SMINPT SSUMPT)) (* (max RFMAXPT FSUMPT) (* FMINPT SMAXPT))) (div (div (div RFMINPT FSUMPT) (* SMINPT RSSUMPT)) (- (* FPT FPT) (- RSMAXPT RSMINPT))) (max (+ (If SSUMPT FPT SMINPT) (If SMAXPT SMINPT RFMINPT)) (div (If RSSUMPT FMAXPT SMINPT) (div RSMAXPT FMINPT))))
Individual Number: i37|
Evaluated: T
Fitness: d4618817848336746363|6.3343374184640835|d4629578061935531310|31.56530771307478|i5|d4617315517961601024|5.0|
Tree 0:
 (+ (If (If SMAXPT RSMAXPT RSMINPT) (- SMINPT SPT) (max RFMAXPT RFMINPT)) (+ (- RSMINPT RSMAXPT) (* SMAXPT FMINPT)))
Individual Number: i38|
Evaluated: T
Fitness: d4618837166470771569|6.351495368214146|d4631126291928071128|42.13145117100038|i5|d4617315517961601024|5.0|
Tree 0:
 (div (- (+ RFMAXPT FMAXPT) (If SPT RSSUMPT SMAXPT)) (If (- SMAXPT SMAXPT) (- FMAXPT RSMAXPT) (max RSMINPT RSMAXPT)))
Individual Number: i39|
Evaluated: T
Fitness: d4619121332274549955|6.603885302746849|d4633447912989423813|58.62756097431842|i5|d4617315517961601024|5.0|
Tree 0:
 (- (* (div (max (* RSSUMPT SMINPT) (- SPT FMAXPT)) (- (div SMAXPT FSUMPT) (+ RSMAXPT SMAXPT))) (* (+ (div FSUMPT RFMAXPT) (* RSMAXPT SPT)) (- (- SSUMPT SMAXPT) (If FMINPT FPT FMAXPT)))) (div (+ (* (* RFMINPT SMAXPT) (* RFMAXPT SMAXPT)) (- (- SMINPT FPT) (- RFMINPT RFMAXPT))) (max (+ (* FMINPT RFMAXPT) (div RSMAXPT SMAXPT)) (div (If SSUMPT FPT FPT) (div SMINPT RSMINPT)))))
Individual Number: i40|
Evaluated: T
Fitness: d4619131527989186410|6.612940916460369|d4634448917303818230|67.48024882978629|i5|d4617315517961601024|5.0|
Tree 0:
 (div (- (* SMAXPT FSUMPT) (* FSUMPT SSUMPT)) (div (max SPT RSMAXPT) (div RFMINPT RFMINPT)))
Individual Number: i41|
Evaluated: T
Fitness: d4619837980546195174|7.240396832137526|d4625973083199521077|18.757850445866286|i5|d4617315517961601024|5.0|
Tree 0:
 (+ (* FSUMPT SMAXPT) (* RFMINPT RSMAXPT))
Individual Number: i42|
Evaluated: T
Fitness: d4620833502528208754|8.249195945798167|d4621918479021304338|10.176501359897006|i5|d4617315517961601024|5.0|
Tree 0:
 (- (- (+ (+ (+ FMINPT FMAXPT) (div FSUMPT SMAXPT)) (If (If SMAXPT SPT FMINPT) (+ RSMINPT RFMINPT) (+ SMINPT FSUMPT))) (div (If (* FMAXPT FPT) (max SMAXPT FSUMPT) (- SMAXPT SSUMPT)) (If (+ SMAXPT SMAXPT) (If FSUMPT SMAXPT RSMAXPT) (div SMAXPT FPT)))) (div (* (div (If RFMAXPT FPT FMINPT) (- RFMINPT RFMINPT)) (max (If SSUMPT FMAXPT RSMAXPT) (- SMAXPT FPT))) (- (- (div SMINPT FPT) (If RSMAXPT RSSUMPT SMAXPT)) (+ (+ SMAXPT RFMAXPT) (div RFMINPT FMAXPT)))))
Individual Number: i43|
Evaluated: T
Fitness: d4620924417286505691|8.410692998501352|d4633065837923878802|55.9127543509377|i5|d4617315517961601024|5.0|
Tree 0:
 (* (* (div (* (- RSMINPT RFMAXPT) (max SMAXPT RFMAXPT)) (- (div FMAXPT SMAXPT) (+ FSUMPT SMINPT))) (- (If (If RFMAXPT SMINPT SMAXPT) (div FMAXPT FMAXPT) (If SMINPT FPT FMAXPT)) (* (max FMINPT SMAXPT) (- RFMINPT RSMINPT)))) (- (div (div (- RSMINPT SPT) (* SSUMPT FMINPT)) (max (* RSMINPT FSUMPT) (+ SSUMPT FMINPT))) (+ (+ (div FMAXPT SMAXPT) (If SPT SPT RFMINPT)) (- (max FSUMPT SMAXPT) (div RFMAXPT FPT)))))
Individual Number: i44|
Evaluated: T
Fitness: d4620936735628141336|8.432574768915899|d4621707265826504628|9.801311356742964|i5|d4617315517961601024|5.0|
Tree 0:
 SSUMPT
Individual Number: i45|
Evaluated: T
Fitness: d4621178929856062370|8.86279814214669|d4626938646079721672|22.18821889809695|i5|d4617315517961601024|5.0|
Tree 0:
 (+ (- (max (* RSMAXPT SMAXPT) (If SMAXPT RSSUMPT RFMINPT)) (If (+ FSUMPT FMINPT) (div RSMINPT FSUMPT) (- FPT RFMINPT))) (div (div (- FSUMPT SMINPT) (div FSUMPT RFMINPT)) (max (+ SMINPT SMAXPT) (div SMAXPT FPT))))
Individual Number: i46|
Evaluated: T
Fitness: d4621200337070750101|8.900824994369751|d4626264788093030397|19.79419441120989|i5|d4617315517961601024|5.0|
Tree 0:
 (If (+ (+ (div (If FMAXPT SMINPT SMAXPT) (If FMINPT SMINPT FMINPT)) (* (+ SMINPT SPT) (max RFMAXPT FMINPT))) (- (* (* SPT FMINPT) (- RSSUMPT FMAXPT)) (* (div FPT RSMAXPT) (If RSMAXPT RFMAXPT SMAXPT)))) (div (- (If (- SMAXPT RSSUMPT) (div SPT SPT) (div RSSUMPT FMINPT)) (* (If SSUMPT RSMAXPT FMINPT) (div RFMINPT SSUMPT))) (* (If (+ SSUMPT SMAXPT) (* RSMAXPT FSUMPT) (max SMAXPT SSUMPT)) (* (If FMAXPT FPT RFMINPT) (If RFMINPT RFMAXPT FSUMPT)))) (* (* (- (* SSUMPT SSUMPT) (* FMINPT SMAXPT)) (- (* SPT SMAXPT) (* RSSUMPT FSUMPT))) (+ (max (max FMAXPT RSSUMPT) (+ SMAXPT FMAXPT)) (max (- FMINPT FSUMPT) (- FMINPT SMAXPT)))))
Individual Number: i47|
Evaluated: T
Fitness: d4621298657304098910|9.075476813330337|d4629770728799047570|32.49959582908117|i5|d4617315517961601024|5.0|
Tree 0:
 (- (+ (max (+ RFMAXPT FMINPT) (+ SMAXPT RFMAXPT)) (* (- RSSUMPT SMINPT) (- FMINPT SSUMPT))) (max (+ (max SMAXPT SMAXPT) (+ FSUMPT RSMAXPT)) (- (+ FMAXPT SMINPT) (* FSUMPT SMINPT))))
Individual Number: i48|
Evaluated: T
Fitness: d4621769641836567504|9.912113408832653|d4633486982119109399|58.905163837224045|i5|d4617315517961601024|5.0|
Tree 0:
 (- SPT FMAXPT)
Individual Number: i49|
Evaluated: T
Fitness: d4621886506192941684|10.119706207560036|d4630823833274501213|39.98235317938154|i5|d4617315517961601024|5.0|
Tree 0:
 (div FSUMPT SPT)
Individual Number: i50|
Evaluated: T
Fitness: d4622005616283616230|10.33128823177135|d4632684527009625424|53.2033773490499|i5|d4617315517961601024|5.0|
Tree 0:
 (* (If (div (+ (If SMAXPT SMAXPT SMAXPT) (* SMAXPT RFMAXPT)) (- (- RSMAXPT RSMAXPT) (If SSUMPT RFMINPT FSUMPT))) (- (* (- SMAXPT FMAXPT) (* FPT RSMINPT)) (- (+ RSMAXPT RFMAXPT) (max FMINPT RFMAXPT))) (- (max (If SPT FPT RFMINPT) (If SMINPT FPT SMINPT)) (If (div SSUMPT SMAXPT) (max FMINPT SPT) (If SSUMPT SSUMPT FMAXPT)))) (* (* (+ (max RSMINPT RSMINPT) (max RSSUMPT SSUMPT)) (- (If SMAXPT FSUMPT SMAXPT) (- SMAXPT SPT))) (max (+ (max FPT RFMINPT) (div RSMINPT FPT)) (If (* RSMAXPT RFMINPT) (max SMINPT FMINPT) (If SMINPT SPT SMINPT)))))
Individual Number: i51|
Evaluated: T
Fitness: d4623053408350048170|12.192540835247048|d4632084655526506929|48.94103410185506|i5|d4617315517961601024|5.0|
Tree 0:
 (- (max (If (If (div SMINPT RFMAXPT) (max SMAXPT SPT) (div SSUMPT RFMAXPT)) (max (- RSMAXPT SMINPT) (+ RFMINPT RFMINPT)) (+ (* FPT FPT) (If SMAXPT RFMINPT SMAXPT))) (If (div (- RSSUMPT SMAXPT) (+ FMINPT FMINPT)) (* (* FMINPT FSUMPT) (- FMINPT RFMINPT)) (If (- RSSUMPT SMAXPT) (div SMAXPT SSUMPT) (div SMAXPT SMAXPT)))) (- (div (+ (+ SMINPT RSSUMPT) (div SMAXPT SPT)) (If (max RSMINPT SMAXPT) (* RFMAXPT RFMAXPT) (If SMINPT SMAXPT RSMAXPT))) (* (max (* FSUMPT SSUMPT) (div RSMINPT RSMINPT)) (max (- FMINPT FMAXPT) (- RFMINPT SMAXPT)))))
Individual Number: i52|
Evaluated: T
Fitness: d4623108702656295966|12.290763254330212|d4631249889860857937|43.0096673039667|i5|d4617315517961601024|5.0|
Tree 0:
 (- (- (max RFMINPT SMINPT) (If SSUMPT SSUMPT SMINPT)) (div (max FPT SSUMPT) (div SMAXPT SMINPT)))
Individual Number: i53|
Evaluated: T
Fitness: d4623154005917591650|12.371238012379937|d4636411936639682186|95.3764314148813|i5|d4617315517961601024|5.0|
Tree 0:
 (- (div (* (- SMAXPT SPT) (+ FSUMPT RFMAXPT)) (* (div SMAXPT RSMINPT) (If SMAXPT FMINPT RSMINPT))) (+ (+ (* RSMINPT SPT) (+ RSSUMPT FMINPT)) (div (max RFMAXPT FMAXPT) (max RSSUMPT SMINPT))))
Individual Number: i54|
Evaluated: T
Fitness: d4624014641416119357|13.900033766420274|d4632978171049379092|55.28984374251209|i5|d4617315517961601024|5.0|
Tree 0:
 (- (- (max (If (* SMAXPT SPT) (+ SSUMPT SMAXPT) (+ SPT RFMAXPT)) (* (+ RSMAXPT RSSUMPT) (- FSUMPT SPT))) (- (* (+ SSUMPT SMAXPT) (max SPT RSSUMPT)) (max (max RSSUMPT FSUMPT) (If FMAXPT RFMINPT RFMAXPT)))) (- (* (max (* RSSUMPT RSMINPT) (If RFMINPT SMAXPT SMAXPT)) (div (If SMAXPT RFMINPT RFMAXPT) (max SMAXPT SMAXPT))) (+ (max (- SMINPT SSUMPT) (- RSMINPT FSUMPT)) (- (- RSMAXPT FPT) (If RFMAXPT SMAXPT SSUMPT)))))
Individual Number: i55|
Evaluated: T
Fitness: d4624434903960083216|14.646570010734223|d4630621667411472318|38.54587832544301|i5|d4617315517961601024|5.0|
Tree 0:
 (- (If (If SPT FSUMPT FMAXPT) (* RSMINPT FPT) (- RSMINPT SMINPT)) (+ (+ RFMINPT RFMINPT) (+ SSUMPT RFMAXPT)))
Individual Number: i56|
Evaluated: T
Fitness: d4624462769767784694|14.696069628830156|d4629637382890557388|31.776058081435437|i5|d4617315517961601024|5.0|
Tree 0:
 (- (div (+ (- (- RSMINPT FPT) (div FSUMPT FSUMPT)) (* (If SMAXPT SMINPT FSUMPT) (* SMAXPT SPT))) (- (div (max SMAXPT SSUMPT) (- RFMINPT FMAXPT)) (If (+ RSMAXPT RSMINPT) (If SPT FPT FMAXPT) (- FSUMPT FMAXPT)))) (If (- (If (+ RFMAXPT FPT) (- SSUMPT FMAXPT) (div RSMINPT RFMAXPT)) (- (- RSSUMPT RFMAXPT) (If RSSUMPT SPT RFMAXPT))) (+ (max (+ SMAXPT FMINPT) (* FMINPT FMINPT)) (div (- RSMAXPT FPT) (* SSUMPT SPT))) (- (* (+ RSSUMPT FSUMPT) (max SMAXPT FPT)) (- (- RSSUMPT RFMINPT) (div RFMAXPT RFMINPT)))))
Individual Number: i57|
Evaluated: T
Fitness: d4624990813650550618|15.634063991484869|d4628950589448725464|29.336077626128684|i5|d4617315517961601024|5.0|
Tree 0:
 (max (div (If FMAXPT FPT RFMINPT) (max RFMAXPT SMAXPT)) (- (- SPT FSUMPT) (* SMINPT RSSUMPT)))
